Started GET "/" for ::1 at 2017-03-18 09:44:23 +0800
  
ActiveRecord::PendingMigrationError (

Migrations are pending. To resolve this issue, run:

        bin/rails db:migrate RAILS_ENV=development

):
  
activerecord (5.0.1) lib/active_record/migration.rb:573:in `check_pending!'
activerecord (5.0.1) lib/active_record/migration.rb:549:in `call'
actionpack (5.0.1) lib/action_dispatch/middleware/callbacks.rb:38:in `block in call'
activesupport (5.0.1) lib/active_support/callbacks.rb:97:in `__run_callbacks__'
activesupport (5.0.1) lib/active_support/callbacks.rb:750:in `_run_call_callbacks'
activesupport (5.0.1) lib/active_support/callbacks.rb:90:in `run_callbacks'
actionpack (5.0.1) lib/action_dispatch/middleware/callbacks.rb:36:in `call'
actionpack (5.0.1) lib/action_dispatch/middleware/executor.rb:12:in `call'
actionpack (5.0.1) lib/action_dispatch/middleware/remote_ip.rb:79:in `call'
actionpack (5.0.1) lib/action_dispatch/middleware/debug_exceptions.rb:49:in `call'
web-console (3.4.0) lib/web_console/middleware.rb:135:in `call_app'
web-console (3.4.0) lib/web_console/middleware.rb:28:in `block in call'
web-console (3.4.0) lib/web_console/middleware.rb:18:in `catch'
web-console (3.4.0) lib/web_console/middleware.rb:18:in `call'
actionpack (5.0.1) lib/action_dispatch/middleware/show_exceptions.rb:31:in `call'
railties (5.0.1) lib/rails/rack/logger.rb:36:in `call_app'
railties (5.0.1) lib/rails/rack/logger.rb:24:in `block in call'
activesupport (5.0.1) lib/active_support/tagged_logging.rb:69:in `block in tagged'
activesupport (5.0.1) lib/active_support/tagged_logging.rb:26:in `tagged'
activesupport (5.0.1) lib/active_support/tagged_logging.rb:69:in `tagged'
railties (5.0.1) lib/rails/rack/logger.rb:24:in `call'
sprockets-rails (3.2.0) lib/sprockets/rails/quiet_assets.rb:13:in `call'
actionpack (5.0.1) lib/action_dispatch/middleware/request_id.rb:24:in `call'
rack (2.0.1) lib/rack/method_override.rb:22:in `call'
rack (2.0.1) lib/rack/runtime.rb:22:in `call'
activesupport (5.0.1) lib/active_support/cache/strategy/local_cache_middleware.rb:28:in `call'
actionpack (5.0.1) lib/action_dispatch/middleware/executor.rb:12:in `call'
actionpack (5.0.1) lib/action_dispatch/middleware/static.rb:136:in `call'
rack (2.0.1) lib/rack/sendfile.rb:111:in `call'
railties (5.0.1) lib/rails/engine.rb:522:in `call'
puma (3.7.1) lib/puma/configuration.rb:232:in `call'
puma (3.7.1) lib/puma/server.rb:578:in `handle_request'
puma (3.7.1) lib/puma/server.rb:415:in `process_client'
puma (3.7.1) lib/puma/server.rb:275:in `block in run'
puma (3.7.1) lib/puma/thread_pool.rb:120:in `block in spawn_thread'
  Rendering /Users/valeriemaemirandasy/.rvm/gems/ruby-2.3.3/gems/actionpack-5.0.1/lib/action_dispatch/middleware/templates/rescues/diagnostics.html.erb within rescues/layout
  Rendering /Users/valeriemaemirandasy/.rvm/gems/ruby-2.3.3/gems/actionpack-5.0.1/lib/action_dispatch/middleware/templates/rescues/_source.html.erb
  Rendered /Users/valeriemaemirandasy/.rvm/gems/ruby-2.3.3/gems/actionpack-5.0.1/lib/action_dispatch/middleware/templates/rescues/_source.html.erb (3.3ms)
  Rendering /Users/valeriemaemirandasy/.rvm/gems/ruby-2.3.3/gems/actionpack-5.0.1/lib/action_dispatch/middleware/templates/rescues/_trace.html.erb
  Rendered /Users/valeriemaemirandasy/.rvm/gems/ruby-2.3.3/gems/actionpack-5.0.1/lib/action_dispatch/middleware/templates/rescues/_trace.html.erb (2.3ms)
  Rendering /Users/valeriemaemirandasy/.rvm/gems/ruby-2.3.3/gems/actionpack-5.0.1/lib/action_dispatch/middleware/templates/rescues/_request_and_response.html.erb
  Rendered /Users/valeriemaemirandasy/.rvm/gems/ruby-2.3.3/gems/actionpack-5.0.1/lib/action_dispatch/middleware/templates/rescues/_request_and_response.html.erb (1.4ms)
  Rendered /Users/valeriemaemirandasy/.rvm/gems/ruby-2.3.3/gems/actionpack-5.0.1/lib/action_dispatch/middleware/templates/rescues/diagnostics.html.erb within rescues/layout (110.0ms)
  [1m[35m (3.7ms)[0m  [1m[35mCREATE TABLE "schema_migrations" ("version" varchar NOT NULL PRIMARY KEY)[0m
  [1m[35m (3.0ms)[0m  [1m[35mCREATE TABLE "ar_internal_metadata" ("key" varchar NOT NULL PRIMARY KEY, "value" varchar, "created_at" datetime NOT NULL, "updated_at" datetime NOT NULL)[0m
  [1m[36mActiveRecord::SchemaMigration Load (0.1ms)[0m  [1m[34mSELECT "schema_migrations".* FROM "schema_migrations"[0m
Migrating to CreateIdeas (20170224124540)
  [1m[35m (0.1ms)[0m  [1m[36mbegin transaction[0m
  [1m[35m (0.5ms)[0m  [1m[35mCREATE TABLE "ideas" ("id" INTEGER PRIMARY KEY AUTOINCREMENT NOT NULL, "name" varchar, "description" text, "picture" varchar, "created_at" datetime NOT NULL, "updated_at" datetime NOT NULL)[0m
  [1m[35mSQL (0.2ms)[0m  [1m[32mINSERT INTO "schema_migrations" ("version") VALUES (?)[0m  [["version", "20170224124540"]]
  [1m[35m (2.8ms)[0m  [1m[36mcommit transaction[0m
  [1m[36mActiveRecord::InternalMetadata Load (0.4ms)[0m  [1m[34mSELECT  "ar_internal_metadata".* FROM "ar_internal_metadata" WHERE "ar_internal_metadata"."key" = ? LIMIT ?[0m  [["key", :environment], ["LIMIT", 1]]
  [1m[35m (0.1ms)[0m  [1m[36mbegin transaction[0m
  [1m[35mSQL (0.3ms)[0m  [1m[32mINSERT INTO "ar_internal_metadata" ("key", "value", "created_at", "updated_at") VALUES (?, ?, ?, ?)[0m  [["key", "environment"], ["value", "development"], ["created_at", 2017-03-18 01:44:37 UTC], ["updated_at", 2017-03-18 01:44:37 UTC]]
  [1m[35m (2.5ms)[0m  [1m[36mcommit transaction[0m
  [1m[36mActiveRecord::SchemaMigration Load (0.1ms)[0m  [1m[34mSELECT "schema_migrations".* FROM "schema_migrations"[0m
Started GET "/" for ::1 at 2017-03-18 09:45:01 +0800
  [1m[36mActiveRecord::SchemaMigration Load (0.5ms)[0m  [1m[34mSELECT "schema_migrations".* FROM "schema_migrations"[0m
Started GET "/ideas" for ::1 at 2017-03-18 09:45:01 +0800
Processing by IdeasController#index as HTML
  Rendering ideas/index.html.erb within layouts/application
  [1m[36mIdea Load (0.2ms)[0m  [1m[34mSELECT "ideas".* FROM "ideas"[0m
  Rendered ideas/index.html.erb within layouts/application (28.6ms)
Completed 200 OK in 1037ms (Views: 1014.9ms | ActiveRecord: 0.5ms)


Started GET "/ideas/new" for ::1 at 2017-03-18 09:45:34 +0800
Processing by IdeasController#new as HTML
  Rendering ideas/new.html.erb within layouts/application
  Rendered ideas/_form.html.erb (37.5ms)
  Rendered ideas/new.html.erb within layouts/application (40.2ms)
Completed 200 OK in 126ms (Views: 109.2ms | ActiveRecord: 2.3ms)


Started POST "/ideas" for ::1 at 2017-03-18 09:45:55 +0800
Processing by IdeasController#create as HTML
  Parameters: {"utf8"=>"✓", "authenticity_token"=>"KxW87WVOH7rLWw/pzhSS/2aFIGsqCLzp3id/Id+p046BaZ39g5XWOwhlR+pIC54PzfgpfI1FrAwuCi1jlRcObA==", "idea"=>{"name"=>"Test", "description"=>"sample upload", "picture"=>#<ActionDispatch::Http::UploadedFile:0x007ff79f5d7430 @tempfile=#<Tempfile:/var/folders/96/p30dwpgx7f160fzzb_0d2fdc0000gn/T/RackMultipart20170318-16900-hc4tcs.jpg>, @original_filename="CkSwKoOXEAQ28q5.jpg", @content_type="image/jpeg", @headers="Content-Disposition: form-data; name=\"idea[picture]\"; filename=\"CkSwKoOXEAQ28q5.jpg\"\r\nContent-Type: image/jpeg\r\n">}, "commit"=>"Create Idea"}
  [1m[35m (0.5ms)[0m  [1m[36mbegin transaction[0m
  [1m[35mSQL (0.4ms)[0m  [1m[32mINSERT INTO "ideas" ("name", "description", "picture", "created_at", "updated_at") VALUES (?, ?, ?, ?, ?)[0m  [["name", "Test"], ["description", "sample upload"], ["picture", "CkSwKoOXEAQ28q5.jpg"], ["created_at", 2017-03-18 01:45:55 UTC], ["updated_at", 2017-03-18 01:45:55 UTC]]
  [1m[35m (1.6ms)[0m  [1m[36mcommit transaction[0m
Redirected to http://localhost:3000/ideas/1
Completed 302 Found in 14ms (ActiveRecord: 2.5ms)


Started GET "/ideas/1" for ::1 at 2017-03-18 09:45:55 +0800
Processing by IdeasController#show as HTML
  Parameters: {"id"=>"1"}
  [1m[36mIdea Load (0.2ms)[0m  [1m[34mSELECT  "ideas".* FROM "ideas" WHERE "ideas"."id" = ? LIMIT ?[0m  [["id", 1], ["LIMIT", 1]]
  Rendering ideas/show.html.erb within layouts/application
  Rendered ideas/show.html.erb within layouts/application (1.2ms)
Completed 200 OK in 63ms (Views: 56.6ms | ActiveRecord: 0.2ms)


Started GET "/" for ::1 at 2017-03-18 09:46:03 +0800
Started GET "/ideas" for ::1 at 2017-03-18 09:46:03 +0800
Processing by IdeasController#index as HTML
  Rendering ideas/index.html.erb within layouts/application
  [1m[36mIdea Load (0.7ms)[0m  [1m[34mSELECT "ideas".* FROM "ideas"[0m
  Rendered ideas/index.html.erb within layouts/application (7.6ms)
Completed 200 OK in 105ms (Views: 101.5ms | ActiveRecord: 0.7ms)


Started GET "/" for ::1 at 2017-03-18 09:49:05 +0800
Started GET "/ideas" for ::1 at 2017-03-18 09:49:05 +0800
Processing by IdeasController#index as HTML
  Rendering ideas/index.html.erb within layouts/application
  [1m[36mIdea Load (0.1ms)[0m  [1m[34mSELECT "ideas".* FROM "ideas"[0m
  Rendered ideas/index.html.erb within layouts/application (5.3ms)
Completed 200 OK in 65ms (Views: 62.8ms | ActiveRecord: 0.1ms)


Started GET "/ideas" for ::1 at 2017-03-18 09:49:42 +0800
Processing by IdeasController#index as HTML
  Rendering ideas/index.html.erb within layouts/application
  [1m[36mIdea Load (0.1ms)[0m  [1m[34mSELECT "ideas".* FROM "ideas"[0m
  Rendered ideas/index.html.erb within layouts/application (4.1ms)
Completed 200 OK in 78ms (Views: 75.2ms | ActiveRecord: 0.1ms)


Started GET "/ideas" for ::1 at 2017-03-18 09:50:01 +0800
Processing by IdeasController#index as HTML
  Rendering ideas/index.html.erb within layouts/application
  [1m[36mIdea Load (0.3ms)[0m  [1m[34mSELECT "ideas".* FROM "ideas"[0m
  Rendered ideas/index.html.erb within layouts/application (4.2ms)
Completed 200 OK in 66ms (Views: 63.3ms | ActiveRecord: 0.3ms)


Started GET "/ideas" for ::1 at 2017-03-18 09:50:36 +0800
Processing by IdeasController#index as HTML
  Rendering ideas/index.html.erb within layouts/application
  [1m[36mIdea Load (0.1ms)[0m  [1m[34mSELECT "ideas".* FROM "ideas"[0m
  Rendered ideas/index.html.erb within layouts/application (4.0ms)
Completed 200 OK in 63ms (Views: 60.5ms | ActiveRecord: 0.1ms)


Started GET "/ideas" for ::1 at 2017-03-18 09:51:25 +0800
Processing by IdeasController#index as HTML
  Rendering ideas/index.html.erb within layouts/application
  [1m[36mIdea Load (0.1ms)[0m  [1m[34mSELECT "ideas".* FROM "ideas"[0m
  Rendered ideas/index.html.erb within layouts/application (4.0ms)
Completed 200 OK in 71ms (Views: 68.9ms | ActiveRecord: 0.1ms)


Started GET "/ideas" for ::1 at 2017-03-18 09:51:48 +0800
Processing by IdeasController#index as HTML
  Rendering ideas/index.html.erb within layouts/application
  [1m[36mIdea Load (0.1ms)[0m  [1m[34mSELECT "ideas".* FROM "ideas"[0m
  Rendered ideas/index.html.erb within layouts/application (4.1ms)
Completed 200 OK in 73ms (Views: 70.7ms | ActiveRecord: 0.1ms)


Started GET "/ideas" for ::1 at 2017-03-18 09:52:33 +0800
Processing by IdeasController#index as HTML
  Rendering ideas/index.html.erb within layouts/application
  [1m[36mIdea Load (0.1ms)[0m  [1m[34mSELECT "ideas".* FROM "ideas"[0m
  Rendered ideas/index.html.erb within layouts/application (4.1ms)
Completed 200 OK in 70ms (Views: 67.4ms | ActiveRecord: 0.1ms)


Started GET "/ideas" for ::1 at 2017-03-18 09:53:51 +0800
Processing by IdeasController#index as HTML
  Rendering ideas/index.html.erb within layouts/application
  [1m[36mIdea Load (0.1ms)[0m  [1m[34mSELECT "ideas".* FROM "ideas"[0m
  Rendered ideas/index.html.erb within layouts/application (4.5ms)
Completed 200 OK in 72ms (Views: 69.2ms | ActiveRecord: 0.1ms)


Started GET "/ideas" for ::1 at 2017-03-18 09:54:59 +0800
Processing by IdeasController#index as HTML
  Rendering ideas/index.html.erb within layouts/application
  [1m[36mIdea Load (0.2ms)[0m  [1m[34mSELECT "ideas".* FROM "ideas"[0m
  Rendered ideas/index.html.erb within layouts/application (3.9ms)
Completed 200 OK in 69ms (Views: 66.5ms | ActiveRecord: 0.2ms)


Started GET "/ideas" for ::1 at 2017-03-18 09:56:14 +0800
Processing by IdeasController#index as HTML
  Rendering ideas/index.html.erb within layouts/application
  [1m[36mIdea Load (0.1ms)[0m  [1m[34mSELECT "ideas".* FROM "ideas"[0m
  Rendered ideas/index.html.erb within layouts/application (3.9ms)
Completed 200 OK in 73ms (Views: 69.6ms | ActiveRecord: 0.1ms)


Started GET "/ideas" for ::1 at 2017-03-18 09:56:30 +0800
Processing by IdeasController#index as HTML
  Rendering ideas/index.html.erb within layouts/application
  [1m[36mIdea Load (0.1ms)[0m  [1m[34mSELECT "ideas".* FROM "ideas"[0m
  Rendered ideas/index.html.erb within layouts/application (4.5ms)
Completed 200 OK in 76ms (Views: 73.7ms | ActiveRecord: 0.1ms)


Started GET "/ideas" for ::1 at 2017-03-18 09:57:29 +0800
Processing by IdeasController#index as HTML
  Rendering ideas/index.html.erb within layouts/application
  [1m[36mIdea Load (0.2ms)[0m  [1m[34mSELECT "ideas".* FROM "ideas"[0m
  Rendered ideas/index.html.erb within layouts/application (4.0ms)
Completed 200 OK in 64ms (Views: 61.8ms | ActiveRecord: 0.2ms)


Started GET "/ideas/new" for ::1 at 2017-03-18 09:58:10 +0800
Processing by IdeasController#new as HTML
  Rendering ideas/new.html.erb within layouts/application
  Rendered ideas/_form.html.erb (4.7ms)
  Rendered ideas/new.html.erb within layouts/application (6.7ms)
Completed 200 OK in 97ms (Views: 90.7ms | ActiveRecord: 0.0ms)


Started POST "/ideas" for ::1 at 2017-03-18 09:58:35 +0800
Processing by IdeasController#create as HTML
  Parameters: {"utf8"=>"✓", "authenticity_token"=>"D8XODzhhALkOwUsKdMdRrxJ33arF+wARHHMLZgqpBL6lue8f3rrJOM3/Awny2F1fuQrUvWK2EPTsXlkkQBfZXA==", "idea"=>{"name"=>"Test 2", "description"=>"another sample upload", "picture"=>#<ActionDispatch::Http::UploadedFile:0x007ff7a018cbe0 @tempfile=#<Tempfile:/var/folders/96/p30dwpgx7f160fzzb_0d2fdc0000gn/T/RackMultipart20170318-16900-300i6y.jpg>, @original_filename="original.jpg", @content_type="image/jpeg", @headers="Content-Disposition: form-data; name=\"idea[picture]\"; filename=\"original.jpg\"\r\nContent-Type: image/jpeg\r\n">}, "commit"=>"Create Idea"}
  [1m[35m (0.6ms)[0m  [1m[36mbegin transaction[0m
  [1m[35mSQL (0.3ms)[0m  [1m[32mINSERT INTO "ideas" ("name", "description", "picture", "created_at", "updated_at") VALUES (?, ?, ?, ?, ?)[0m  [["name", "Test 2"], ["description", "another sample upload"], ["picture", "original.jpg"], ["created_at", 2017-03-18 01:58:35 UTC], ["updated_at", 2017-03-18 01:58:35 UTC]]
  [1m[35m (1.8ms)[0m  [1m[36mcommit transaction[0m
Redirected to http://localhost:3000/ideas/2
Completed 302 Found in 19ms (ActiveRecord: 2.7ms)


Started GET "/ideas/2" for ::1 at 2017-03-18 09:58:35 +0800
Processing by IdeasController#show as HTML
  Parameters: {"id"=>"2"}
  [1m[36mIdea Load (0.2ms)[0m  [1m[34mSELECT  "ideas".* FROM "ideas" WHERE "ideas"."id" = ? LIMIT ?[0m  [["id", 2], ["LIMIT", 1]]
  Rendering ideas/show.html.erb within layouts/application
  Rendered ideas/show.html.erb within layouts/application (1.4ms)
Completed 200 OK in 78ms (Views: 73.6ms | ActiveRecord: 0.2ms)


Started GET "/" for ::1 at 2017-03-18 09:58:39 +0800
Started GET "/ideas" for ::1 at 2017-03-18 09:58:39 +0800
Processing by IdeasController#index as HTML
  Rendering ideas/index.html.erb within layouts/application
  [1m[36mIdea Load (0.2ms)[0m  [1m[34mSELECT "ideas".* FROM "ideas"[0m
  Rendered ideas/index.html.erb within layouts/application (6.3ms)
Completed 200 OK in 92ms (Views: 89.1ms | ActiveRecord: 0.2ms)


Started GET "/" for ::1 at 2017-03-18 09:58:54 +0800
Started GET "/ideas" for ::1 at 2017-03-18 09:58:54 +0800
Processing by IdeasController#index as HTML
  Rendering ideas/index.html.erb within layouts/application
  [1m[36mIdea Load (0.1ms)[0m  [1m[34mSELECT "ideas".* FROM "ideas"[0m
  Rendered ideas/index.html.erb within layouts/application (5.3ms)
Completed 200 OK in 75ms (Views: 71.4ms | ActiveRecord: 0.1ms)


Started GET "/ideas" for ::1 at 2017-03-18 10:02:51 +0800
Processing by IdeasController#index as HTML
  Rendering ideas/index.html.erb within layouts/application
  [1m[36mIdea Load (0.1ms)[0m  [1m[34mSELECT "ideas".* FROM "ideas"[0m
  Rendered ideas/index.html.erb within layouts/application (156.6ms)
Completed 500 Internal Server Error in 167ms (ActiveRecord: 0.1ms)


  
ActionView::Template::Error (undefined local variable or method `toggle' for #<#<Class:0x007ff7a32a80d0>:0x007ff7a046f380>):
    22:         <td><%=l idea.created_at %></td>
    23:         <td>
    24:           <%= link_to t('.show', :default => t("helpers.links.show")),
    25:                       idea_path(idea), :class => 'btn btn-info btn-xs', :data-toggle => 'modal', :data-target => '#myModal' %>
    26:           <%= link_to t('.edit', :default => t("helpers.links.edit")),
    27:                       edit_idea_path(idea), :class => 'btn btn-success btn-xs' %>
    28:           <%= link_to t('.destroy', :default => t("helpers.links.destroy")),
  
app/views/ideas/index.html.erb:25:in `block in _app_views_ideas_index_html_erb__3603236132149911323_70350761328300'
app/views/ideas/index.html.erb:17:in `_app_views_ideas_index_html_erb__3603236132149911323_70350761328300'
  Rendering /Users/valeriemaemirandasy/.rvm/gems/ruby-2.3.3/gems/actionpack-5.0.1/lib/action_dispatch/middleware/templates/rescues/template_error.html.erb within rescues/layout
  Rendering /Users/valeriemaemirandasy/.rvm/gems/ruby-2.3.3/gems/actionpack-5.0.1/lib/action_dispatch/middleware/templates/rescues/_source.html.erb
  Rendered /Users/valeriemaemirandasy/.rvm/gems/ruby-2.3.3/gems/actionpack-5.0.1/lib/action_dispatch/middleware/templates/rescues/_source.html.erb (4.1ms)
  Rendering /Users/valeriemaemirandasy/.rvm/gems/ruby-2.3.3/gems/actionpack-5.0.1/lib/action_dispatch/middleware/templates/rescues/_trace.html.erb
  Rendered /Users/valeriemaemirandasy/.rvm/gems/ruby-2.3.3/gems/actionpack-5.0.1/lib/action_dispatch/middleware/templates/rescues/_trace.html.erb (1.6ms)
  Rendering /Users/valeriemaemirandasy/.rvm/gems/ruby-2.3.3/gems/actionpack-5.0.1/lib/action_dispatch/middleware/templates/rescues/_request_and_response.html.erb
  Rendered /Users/valeriemaemirandasy/.rvm/gems/ruby-2.3.3/gems/actionpack-5.0.1/lib/action_dispatch/middleware/templates/rescues/_request_and_response.html.erb (1.3ms)
  Rendered /Users/valeriemaemirandasy/.rvm/gems/ruby-2.3.3/gems/actionpack-5.0.1/lib/action_dispatch/middleware/templates/rescues/template_error.html.erb within rescues/layout (72.7ms)
Started GET "/ideas" for ::1 at 2017-03-18 10:04:23 +0800
Processing by IdeasController#index as HTML
  Rendering ideas/index.html.erb within layouts/application
  [1m[36mIdea Load (0.1ms)[0m  [1m[34mSELECT "ideas".* FROM "ideas"[0m
  Rendered ideas/index.html.erb within layouts/application (4.6ms)
Completed 500 Internal Server Error in 13ms (ActiveRecord: 0.1ms)


  
ActionView::Template::Error (wrong number of arguments (given 3, expected 1..2)):
    21:         <td><%= idea.picture %></td>
    22:         <td><%=l idea.created_at %></td>
    23:         <td>
    24:           <%= link_to t('.show','#myModal', :default => t("helpers.links.show")),
    25:                       idea_path(idea), :class => 'btn btn-info btn-xs', "data-toggle" => "modal" %>
    26:           <%= link_to t('.edit', :default => t("helpers.links.edit")),
    27:                       edit_idea_path(idea), :class => 'btn btn-success btn-xs' %>
  
app/views/ideas/index.html.erb:24:in `block in _app_views_ideas_index_html_erb__3603236132149911323_70350814584560'
app/views/ideas/index.html.erb:17:in `_app_views_ideas_index_html_erb__3603236132149911323_70350814584560'
  Rendering /Users/valeriemaemirandasy/.rvm/gems/ruby-2.3.3/gems/actionpack-5.0.1/lib/action_dispatch/middleware/templates/rescues/template_error.html.erb within rescues/layout
  Rendering /Users/valeriemaemirandasy/.rvm/gems/ruby-2.3.3/gems/actionpack-5.0.1/lib/action_dispatch/middleware/templates/rescues/_source.html.erb
  Rendered /Users/valeriemaemirandasy/.rvm/gems/ruby-2.3.3/gems/actionpack-5.0.1/lib/action_dispatch/middleware/templates/rescues/_source.html.erb (5.1ms)
  Rendering /Users/valeriemaemirandasy/.rvm/gems/ruby-2.3.3/gems/actionpack-5.0.1/lib/action_dispatch/middleware/templates/rescues/_trace.html.erb
  Rendered /Users/valeriemaemirandasy/.rvm/gems/ruby-2.3.3/gems/actionpack-5.0.1/lib/action_dispatch/middleware/templates/rescues/_trace.html.erb (1.6ms)
  Rendering /Users/valeriemaemirandasy/.rvm/gems/ruby-2.3.3/gems/actionpack-5.0.1/lib/action_dispatch/middleware/templates/rescues/_request_and_response.html.erb
  Rendered /Users/valeriemaemirandasy/.rvm/gems/ruby-2.3.3/gems/actionpack-5.0.1/lib/action_dispatch/middleware/templates/rescues/_request_and_response.html.erb (7.3ms)
  Rendered /Users/valeriemaemirandasy/.rvm/gems/ruby-2.3.3/gems/actionpack-5.0.1/lib/action_dispatch/middleware/templates/rescues/template_error.html.erb within rescues/layout (73.1ms)
Started GET "/ideas" for ::1 at 2017-03-18 10:05:45 +0800
Processing by IdeasController#index as HTML
  Rendering ideas/index.html.erb within layouts/application
  [1m[36mIdea Load (0.1ms)[0m  [1m[34mSELECT "ideas".* FROM "ideas"[0m
  Rendered ideas/index.html.erb within layouts/application (5.1ms)
Completed 200 OK in 69ms (Views: 67.4ms | ActiveRecord: 0.1ms)


Started GET "/ideas" for ::1 at 2017-03-18 10:06:05 +0800
Processing by IdeasController#index as HTML
  Rendering ideas/index.html.erb within layouts/application
  [1m[36mIdea Load (0.1ms)[0m  [1m[34mSELECT "ideas".* FROM "ideas"[0m
  Rendered ideas/index.html.erb within layouts/application (5.6ms)
Completed 200 OK in 72ms (Views: 69.6ms | ActiveRecord: 0.1ms)


Started GET "/ideas" for ::1 at 2017-03-18 10:06:20 +0800
Processing by IdeasController#index as HTML
  Rendering ideas/index.html.erb within layouts/application
  [1m[36mIdea Load (0.1ms)[0m  [1m[34mSELECT "ideas".* FROM "ideas"[0m
  Rendered ideas/index.html.erb within layouts/application (5.2ms)
Completed 200 OK in 69ms (Views: 66.2ms | ActiveRecord: 0.1ms)


Started GET "/ideas" for ::1 at 2017-03-18 10:07:03 +0800
Processing by IdeasController#index as HTML
  Rendering ideas/index.html.erb within layouts/application
  [1m[36mIdea Load (0.2ms)[0m  [1m[34mSELECT "ideas".* FROM "ideas"[0m
  Rendered ideas/index.html.erb within layouts/application (5.2ms)
Completed 200 OK in 68ms (Views: 64.9ms | ActiveRecord: 0.2ms)


Started GET "/ideas" for ::1 at 2017-03-18 10:07:22 +0800
Processing by IdeasController#index as HTML
  Rendering ideas/index.html.erb within layouts/application
  [1m[36mIdea Load (0.1ms)[0m  [1m[34mSELECT "ideas".* FROM "ideas"[0m
  Rendered ideas/index.html.erb within layouts/application (5.3ms)
Completed 200 OK in 83ms (Views: 80.3ms | ActiveRecord: 0.1ms)


Started GET "/ideas" for ::1 at 2017-03-18 10:07:56 +0800
Processing by IdeasController#index as HTML
  Rendering ideas/index.html.erb within layouts/application
  [1m[36mIdea Load (0.1ms)[0m  [1m[34mSELECT "ideas".* FROM "ideas"[0m
  Rendered ideas/index.html.erb within layouts/application (5.6ms)
Completed 200 OK in 75ms (Views: 72.0ms | ActiveRecord: 0.1ms)


Started GET "/ideas/1" for ::1 at 2017-03-18 10:07:57 +0800
Processing by IdeasController#show as HTML
  Parameters: {"id"=>"1"}
  [1m[36mIdea Load (0.3ms)[0m  [1m[34mSELECT  "ideas".* FROM "ideas" WHERE "ideas"."id" = ? LIMIT ?[0m  [["id", 1], ["LIMIT", 1]]
  Rendering ideas/show.html.erb within layouts/application
  Rendered ideas/show.html.erb within layouts/application (1.3ms)
Completed 200 OK in 91ms (Views: 86.5ms | ActiveRecord: 0.3ms)


Started GET "/ideas" for ::1 at 2017-03-18 10:08:03 +0800
Processing by IdeasController#index as HTML
  Rendering ideas/index.html.erb within layouts/application
  [1m[36mIdea Load (0.1ms)[0m  [1m[34mSELECT "ideas".* FROM "ideas"[0m
  Rendered ideas/index.html.erb within layouts/application (7.1ms)
Completed 200 OK in 81ms (Views: 78.6ms | ActiveRecord: 0.1ms)


Started GET "/ideas" for ::1 at 2017-03-18 10:08:38 +0800
Processing by IdeasController#index as HTML
  Rendering ideas/index.html.erb within layouts/application
  [1m[36mIdea Load (0.2ms)[0m  [1m[34mSELECT "ideas".* FROM "ideas"[0m
  Rendered ideas/index.html.erb within layouts/application (8.9ms)
Completed 500 Internal Server Error in 16ms (ActiveRecord: 0.2ms)


  
ActionView::Template::Error (undefined method `name' for nil:NilClass):
    55:         <div class="modal-body">
    56:           <p>
    57:   <strong>Name:</strong>
    58:   <%= @idea.name %>
    59: </p>
    60: 
    61: <p>
  
app/views/ideas/index.html.erb:58:in `_app_views_ideas_index_html_erb__3603236132149911323_70350787042180'
  Rendering /Users/valeriemaemirandasy/.rvm/gems/ruby-2.3.3/gems/actionpack-5.0.1/lib/action_dispatch/middleware/templates/rescues/template_error.html.erb within rescues/layout
  Rendering /Users/valeriemaemirandasy/.rvm/gems/ruby-2.3.3/gems/actionpack-5.0.1/lib/action_dispatch/middleware/templates/rescues/_source.html.erb
  Rendered /Users/valeriemaemirandasy/.rvm/gems/ruby-2.3.3/gems/actionpack-5.0.1/lib/action_dispatch/middleware/templates/rescues/_source.html.erb (4.9ms)
  Rendering /Users/valeriemaemirandasy/.rvm/gems/ruby-2.3.3/gems/actionpack-5.0.1/lib/action_dispatch/middleware/templates/rescues/_trace.html.erb
  Rendered /Users/valeriemaemirandasy/.rvm/gems/ruby-2.3.3/gems/actionpack-5.0.1/lib/action_dispatch/middleware/templates/rescues/_trace.html.erb (2.3ms)
  Rendering /Users/valeriemaemirandasy/.rvm/gems/ruby-2.3.3/gems/actionpack-5.0.1/lib/action_dispatch/middleware/templates/rescues/_request_and_response.html.erb
  Rendered /Users/valeriemaemirandasy/.rvm/gems/ruby-2.3.3/gems/actionpack-5.0.1/lib/action_dispatch/middleware/templates/rescues/_request_and_response.html.erb (0.9ms)
  Rendered /Users/valeriemaemirandasy/.rvm/gems/ruby-2.3.3/gems/actionpack-5.0.1/lib/action_dispatch/middleware/templates/rescues/template_error.html.erb within rescues/layout (69.3ms)
Started GET "/ideas" for ::1 at 2017-03-18 10:09:40 +0800
Processing by IdeasController#index as HTML
  Rendering ideas/index.html.erb within layouts/application
  [1m[36mIdea Load (0.2ms)[0m  [1m[34mSELECT "ideas".* FROM "ideas"[0m
  Rendered ideas/index.html.erb within layouts/application (8.3ms)
Completed 500 Internal Server Error in 16ms (ActiveRecord: 0.2ms)


  
ActionView::Template::Error (wrong number of arguments (given 3, expected 1..2)):
    22:         <td><%=l idea.created_at %></td>
    23:         <td>
    24:           <%= link_to "Show", "#myModal", :class => "btn btn-info btn-xs", "data-toggle" => "modal" %>
    25:            <%= link_to t('.show',"#myModal", :default => t("helpers.links.show")),
    26:                       idea_path(idea), :class => 'btn btn-info btn-xs', "data-toggle" => "modal" %>
    27:           <%= link_to t('.edit', :default => t("helpers.links.edit")),
    28:                       edit_idea_path(idea), :class => 'btn btn-success btn-xs' %>
  
app/views/ideas/index.html.erb:25:in `block in _app_views_ideas_index_html_erb__3603236132149911323_70350765915020'
app/views/ideas/index.html.erb:17:in `_app_views_ideas_index_html_erb__3603236132149911323_70350765915020'
  Rendering /Users/valeriemaemirandasy/.rvm/gems/ruby-2.3.3/gems/actionpack-5.0.1/lib/action_dispatch/middleware/templates/rescues/template_error.html.erb within rescues/layout
  Rendering /Users/valeriemaemirandasy/.rvm/gems/ruby-2.3.3/gems/actionpack-5.0.1/lib/action_dispatch/middleware/templates/rescues/_source.html.erb
  Rendered /Users/valeriemaemirandasy/.rvm/gems/ruby-2.3.3/gems/actionpack-5.0.1/lib/action_dispatch/middleware/templates/rescues/_source.html.erb (4.1ms)
  Rendering /Users/valeriemaemirandasy/.rvm/gems/ruby-2.3.3/gems/actionpack-5.0.1/lib/action_dispatch/middleware/templates/rescues/_trace.html.erb
  Rendered /Users/valeriemaemirandasy/.rvm/gems/ruby-2.3.3/gems/actionpack-5.0.1/lib/action_dispatch/middleware/templates/rescues/_trace.html.erb (1.8ms)
  Rendering /Users/valeriemaemirandasy/.rvm/gems/ruby-2.3.3/gems/actionpack-5.0.1/lib/action_dispatch/middleware/templates/rescues/_request_and_response.html.erb
  Rendered /Users/valeriemaemirandasy/.rvm/gems/ruby-2.3.3/gems/actionpack-5.0.1/lib/action_dispatch/middleware/templates/rescues/_request_and_response.html.erb (0.7ms)
  Rendered /Users/valeriemaemirandasy/.rvm/gems/ruby-2.3.3/gems/actionpack-5.0.1/lib/action_dispatch/middleware/templates/rescues/template_error.html.erb within rescues/layout (68.9ms)
Started GET "/ideas" for ::1 at 2017-03-18 10:09:42 +0800
Processing by IdeasController#index as HTML
  Rendering ideas/index.html.erb within layouts/application
  [1m[36mIdea Load (0.1ms)[0m  [1m[34mSELECT "ideas".* FROM "ideas"[0m
  Rendered ideas/index.html.erb within layouts/application (5.9ms)
Completed 500 Internal Server Error in 12ms (ActiveRecord: 0.1ms)


  
ActionView::Template::Error (wrong number of arguments (given 3, expected 1..2)):
    22:         <td><%=l idea.created_at %></td>
    23:         <td>
    24:           <%= link_to "Show", "#myModal", :class => "btn btn-info btn-xs", "data-toggle" => "modal" %>
    25:            <%= link_to t('.show',"#myModal", :default => t("helpers.links.show")),
    26:                       idea_path(idea), :class => 'btn btn-info btn-xs', "data-toggle" => "modal" %>
    27:           <%= link_to t('.edit', :default => t("helpers.links.edit")),
    28:                       edit_idea_path(idea), :class => 'btn btn-success btn-xs' %>
  
app/views/ideas/index.html.erb:25:in `block in _app_views_ideas_index_html_erb__3603236132149911323_70350815299460'
app/views/ideas/index.html.erb:17:in `_app_views_ideas_index_html_erb__3603236132149911323_70350815299460'
  Rendering /Users/valeriemaemirandasy/.rvm/gems/ruby-2.3.3/gems/actionpack-5.0.1/lib/action_dispatch/middleware/templates/rescues/template_error.html.erb within rescues/layout
  Rendering /Users/valeriemaemirandasy/.rvm/gems/ruby-2.3.3/gems/actionpack-5.0.1/lib/action_dispatch/middleware/templates/rescues/_source.html.erb
  Rendered /Users/valeriemaemirandasy/.rvm/gems/ruby-2.3.3/gems/actionpack-5.0.1/lib/action_dispatch/middleware/templates/rescues/_source.html.erb (4.3ms)
  Rendering /Users/valeriemaemirandasy/.rvm/gems/ruby-2.3.3/gems/actionpack-5.0.1/lib/action_dispatch/middleware/templates/rescues/_trace.html.erb
  Rendered /Users/valeriemaemirandasy/.rvm/gems/ruby-2.3.3/gems/actionpack-5.0.1/lib/action_dispatch/middleware/templates/rescues/_trace.html.erb (3.1ms)
  Rendering /Users/valeriemaemirandasy/.rvm/gems/ruby-2.3.3/gems/actionpack-5.0.1/lib/action_dispatch/middleware/templates/rescues/_request_and_response.html.erb
  Rendered /Users/valeriemaemirandasy/.rvm/gems/ruby-2.3.3/gems/actionpack-5.0.1/lib/action_dispatch/middleware/templates/rescues/_request_and_response.html.erb (1.2ms)
  Rendered /Users/valeriemaemirandasy/.rvm/gems/ruby-2.3.3/gems/actionpack-5.0.1/lib/action_dispatch/middleware/templates/rescues/template_error.html.erb within rescues/layout (82.2ms)
Started GET "/ideas" for ::1 at 2017-03-18 10:10:09 +0800
Processing by IdeasController#index as HTML
  Rendering ideas/index.html.erb within layouts/application
  [1m[36mIdea Load (0.2ms)[0m  [1m[34mSELECT "ideas".* FROM "ideas"[0m
  Rendered ideas/index.html.erb within layouts/application (5.5ms)
Completed 500 Internal Server Error in 13ms (ActiveRecord: 0.1ms)


  
ActionView::Template::Error (wrong number of arguments (given 3, expected 1..2)):
    22:         <td><%=l idea.created_at %></td>
    23:         <td>
    24:           <%= link_to "Show", "#myModal", :class => "btn btn-info btn-xs", "data-toggle" => "modal" %>
    25:            <%= link_to t('.show','#myModal', :default => t("helpers.links.show")),
    26:                       idea_path(idea), :class => 'btn btn-info btn-xs', "data-toggle" => "modal" %>
    27:           <%= link_to t('.edit', :default => t("helpers.links.edit")),
    28:                       edit_idea_path(idea), :class => 'btn btn-success btn-xs' %>
  
app/views/ideas/index.html.erb:25:in `block in _app_views_ideas_index_html_erb__3603236132149911323_70350753152740'
app/views/ideas/index.html.erb:17:in `_app_views_ideas_index_html_erb__3603236132149911323_70350753152740'
  Rendering /Users/valeriemaemirandasy/.rvm/gems/ruby-2.3.3/gems/actionpack-5.0.1/lib/action_dispatch/middleware/templates/rescues/template_error.html.erb within rescues/layout
  Rendering /Users/valeriemaemirandasy/.rvm/gems/ruby-2.3.3/gems/actionpack-5.0.1/lib/action_dispatch/middleware/templates/rescues/_source.html.erb
  Rendered /Users/valeriemaemirandasy/.rvm/gems/ruby-2.3.3/gems/actionpack-5.0.1/lib/action_dispatch/middleware/templates/rescues/_source.html.erb (4.6ms)
  Rendering /Users/valeriemaemirandasy/.rvm/gems/ruby-2.3.3/gems/actionpack-5.0.1/lib/action_dispatch/middleware/templates/rescues/_trace.html.erb
  Rendered /Users/valeriemaemirandasy/.rvm/gems/ruby-2.3.3/gems/actionpack-5.0.1/lib/action_dispatch/middleware/templates/rescues/_trace.html.erb (2.1ms)
  Rendering /Users/valeriemaemirandasy/.rvm/gems/ruby-2.3.3/gems/actionpack-5.0.1/lib/action_dispatch/middleware/templates/rescues/_request_and_response.html.erb
  Rendered /Users/valeriemaemirandasy/.rvm/gems/ruby-2.3.3/gems/actionpack-5.0.1/lib/action_dispatch/middleware/templates/rescues/_request_and_response.html.erb (0.8ms)
  Rendered /Users/valeriemaemirandasy/.rvm/gems/ruby-2.3.3/gems/actionpack-5.0.1/lib/action_dispatch/middleware/templates/rescues/template_error.html.erb within rescues/layout (74.0ms)
Started GET "/ideas" for ::1 at 2017-03-18 10:10:47 +0800
Processing by IdeasController#index as HTML
  Rendering ideas/index.html.erb within layouts/application
  [1m[36mIdea Load (0.1ms)[0m  [1m[34mSELECT "ideas".* FROM "ideas"[0m
  Rendered ideas/index.html.erb within layouts/application (5.4ms)
Completed 500 Internal Server Error in 13ms (ActiveRecord: 0.1ms)


  
ActionView::Template::Error (wrong number of arguments (given 4, expected 0..3)):
    22:         <td><%=l idea.created_at %></td>
    23:         <td>
    24:           <%= link_to "Show", "#myModal", :class => "btn btn-info btn-xs", "data-toggle" => "modal" %>
    25:            <%= link_to t('.show', :default => t("helpers.links.show")),
    26:                       idea_path(idea), "#myModal", :class => 'btn btn-info btn-xs', "data-toggle" => "modal" %>
    27:           <%= link_to t('.edit', :default => t("helpers.links.edit")),
    28:                       edit_idea_path(idea), :class => 'btn btn-success btn-xs' %>
  
app/views/ideas/index.html.erb:25:in `block in _app_views_ideas_index_html_erb__3603236132149911323_70350790287380'
app/views/ideas/index.html.erb:17:in `_app_views_ideas_index_html_erb__3603236132149911323_70350790287380'
  Rendering /Users/valeriemaemirandasy/.rvm/gems/ruby-2.3.3/gems/actionpack-5.0.1/lib/action_dispatch/middleware/templates/rescues/template_error.html.erb within rescues/layout
  Rendering /Users/valeriemaemirandasy/.rvm/gems/ruby-2.3.3/gems/actionpack-5.0.1/lib/action_dispatch/middleware/templates/rescues/_source.html.erb
  Rendered /Users/valeriemaemirandasy/.rvm/gems/ruby-2.3.3/gems/actionpack-5.0.1/lib/action_dispatch/middleware/templates/rescues/_source.html.erb (4.8ms)
  Rendering /Users/valeriemaemirandasy/.rvm/gems/ruby-2.3.3/gems/actionpack-5.0.1/lib/action_dispatch/middleware/templates/rescues/_trace.html.erb
  Rendered /Users/valeriemaemirandasy/.rvm/gems/ruby-2.3.3/gems/actionpack-5.0.1/lib/action_dispatch/middleware/templates/rescues/_trace.html.erb (1.8ms)
  Rendering /Users/valeriemaemirandasy/.rvm/gems/ruby-2.3.3/gems/actionpack-5.0.1/lib/action_dispatch/middleware/templates/rescues/_request_and_response.html.erb
  Rendered /Users/valeriemaemirandasy/.rvm/gems/ruby-2.3.3/gems/actionpack-5.0.1/lib/action_dispatch/middleware/templates/rescues/_request_and_response.html.erb (1.1ms)
  Rendered /Users/valeriemaemirandasy/.rvm/gems/ruby-2.3.3/gems/actionpack-5.0.1/lib/action_dispatch/middleware/templates/rescues/template_error.html.erb within rescues/layout (69.0ms)
Started GET "/ideas" for ::1 at 2017-03-18 10:11:14 +0800
Processing by IdeasController#index as HTML
  Rendering ideas/index.html.erb within layouts/application
  [1m[36mIdea Load (0.1ms)[0m  [1m[34mSELECT "ideas".* FROM "ideas"[0m
  Rendered ideas/index.html.erb within layouts/application (5.2ms)
Completed 500 Internal Server Error in 13ms (ActiveRecord: 0.1ms)


  
ActionView::Template::Error (wrong number of arguments (given 4, expected 0..3)):
    22:         <td><%=l idea.created_at %></td>
    23:         <td>
    24:           <%= link_to "Show", "#myModal", :class => "btn btn-info btn-xs", "data-toggle" => "modal" %>
    25:            <%= link_to "#myModal", t('.show', :default => t("helpers.links.show")),
    26:                       idea_path(idea), :class => 'btn btn-info btn-xs', "data-toggle" => "modal" %>
    27:           <%= link_to t('.edit', :default => t("helpers.links.edit")),
    28:                       edit_idea_path(idea), :class => 'btn btn-success btn-xs' %>
  
app/views/ideas/index.html.erb:25:in `block in _app_views_ideas_index_html_erb__3603236132149911323_70350811035920'
app/views/ideas/index.html.erb:17:in `_app_views_ideas_index_html_erb__3603236132149911323_70350811035920'
  Rendering /Users/valeriemaemirandasy/.rvm/gems/ruby-2.3.3/gems/actionpack-5.0.1/lib/action_dispatch/middleware/templates/rescues/template_error.html.erb within rescues/layout
  Rendering /Users/valeriemaemirandasy/.rvm/gems/ruby-2.3.3/gems/actionpack-5.0.1/lib/action_dispatch/middleware/templates/rescues/_source.html.erb
  Rendered /Users/valeriemaemirandasy/.rvm/gems/ruby-2.3.3/gems/actionpack-5.0.1/lib/action_dispatch/middleware/templates/rescues/_source.html.erb (8.2ms)
  Rendering /Users/valeriemaemirandasy/.rvm/gems/ruby-2.3.3/gems/actionpack-5.0.1/lib/action_dispatch/middleware/templates/rescues/_trace.html.erb
  Rendered /Users/valeriemaemirandasy/.rvm/gems/ruby-2.3.3/gems/actionpack-5.0.1/lib/action_dispatch/middleware/templates/rescues/_trace.html.erb (1.9ms)
  Rendering /Users/valeriemaemirandasy/.rvm/gems/ruby-2.3.3/gems/actionpack-5.0.1/lib/action_dispatch/middleware/templates/rescues/_request_and_response.html.erb
  Rendered /Users/valeriemaemirandasy/.rvm/gems/ruby-2.3.3/gems/actionpack-5.0.1/lib/action_dispatch/middleware/templates/rescues/_request_and_response.html.erb (0.8ms)
  Rendered /Users/valeriemaemirandasy/.rvm/gems/ruby-2.3.3/gems/actionpack-5.0.1/lib/action_dispatch/middleware/templates/rescues/template_error.html.erb within rescues/layout (74.9ms)
Started GET "/ideas" for ::1 at 2017-03-18 10:11:16 +0800
Processing by IdeasController#index as HTML
  Rendering ideas/index.html.erb within layouts/application
  [1m[36mIdea Load (0.1ms)[0m  [1m[34mSELECT "ideas".* FROM "ideas"[0m
  Rendered ideas/index.html.erb within layouts/application (5.2ms)
Completed 500 Internal Server Error in 14ms (ActiveRecord: 0.1ms)


  
ActionView::Template::Error (wrong number of arguments (given 4, expected 0..3)):
    22:         <td><%=l idea.created_at %></td>
    23:         <td>
    24:           <%= link_to "Show", "#myModal", :class => "btn btn-info btn-xs", "data-toggle" => "modal" %>
    25:            <%= link_to "#myModal", t('.show', :default => t("helpers.links.show")),
    26:                       idea_path(idea), :class => 'btn btn-info btn-xs', "data-toggle" => "modal" %>
    27:           <%= link_to t('.edit', :default => t("helpers.links.edit")),
    28:                       edit_idea_path(idea), :class => 'btn btn-success btn-xs' %>
  
app/views/ideas/index.html.erb:25:in `block in _app_views_ideas_index_html_erb__3603236132149911323_70350810899260'
app/views/ideas/index.html.erb:17:in `_app_views_ideas_index_html_erb__3603236132149911323_70350810899260'
  Rendering /Users/valeriemaemirandasy/.rvm/gems/ruby-2.3.3/gems/actionpack-5.0.1/lib/action_dispatch/middleware/templates/rescues/template_error.html.erb within rescues/layout
  Rendering /Users/valeriemaemirandasy/.rvm/gems/ruby-2.3.3/gems/actionpack-5.0.1/lib/action_dispatch/middleware/templates/rescues/_source.html.erb
  Rendered /Users/valeriemaemirandasy/.rvm/gems/ruby-2.3.3/gems/actionpack-5.0.1/lib/action_dispatch/middleware/templates/rescues/_source.html.erb (7.7ms)
  Rendering /Users/valeriemaemirandasy/.rvm/gems/ruby-2.3.3/gems/actionpack-5.0.1/lib/action_dispatch/middleware/templates/rescues/_trace.html.erb
  Rendered /Users/valeriemaemirandasy/.rvm/gems/ruby-2.3.3/gems/actionpack-5.0.1/lib/action_dispatch/middleware/templates/rescues/_trace.html.erb (2.2ms)
  Rendering /Users/valeriemaemirandasy/.rvm/gems/ruby-2.3.3/gems/actionpack-5.0.1/lib/action_dispatch/middleware/templates/rescues/_request_and_response.html.erb
  Rendered /Users/valeriemaemirandasy/.rvm/gems/ruby-2.3.3/gems/actionpack-5.0.1/lib/action_dispatch/middleware/templates/rescues/_request_and_response.html.erb (0.8ms)
  Rendered /Users/valeriemaemirandasy/.rvm/gems/ruby-2.3.3/gems/actionpack-5.0.1/lib/action_dispatch/middleware/templates/rescues/template_error.html.erb within rescues/layout (78.2ms)
Started GET "/ideas" for ::1 at 2017-03-18 10:11:55 +0800
Processing by IdeasController#index as HTML
  Rendering ideas/index.html.erb within layouts/application
  [1m[36mIdea Load (0.1ms)[0m  [1m[34mSELECT "ideas".* FROM "ideas"[0m
  Rendered ideas/index.html.erb within layouts/application (9.9ms)
Completed 500 Internal Server Error in 20ms (ActiveRecord: 0.1ms)


  
ActionView::Template::Error (undefined method `name' for nil:NilClass):
    57: 
    58: <p>
    59:   <strong>Name:</strong>
    60:   <%= @idea.name %>
    61: </p>
    62: 
    63: <p>
  
app/views/ideas/index.html.erb:60:in `_app_views_ideas_index_html_erb__3603236132149911323_70350785828140'
  Rendering /Users/valeriemaemirandasy/.rvm/gems/ruby-2.3.3/gems/actionpack-5.0.1/lib/action_dispatch/middleware/templates/rescues/template_error.html.erb within rescues/layout
  Rendering /Users/valeriemaemirandasy/.rvm/gems/ruby-2.3.3/gems/actionpack-5.0.1/lib/action_dispatch/middleware/templates/rescues/_source.html.erb
  Rendered /Users/valeriemaemirandasy/.rvm/gems/ruby-2.3.3/gems/actionpack-5.0.1/lib/action_dispatch/middleware/templates/rescues/_source.html.erb (5.7ms)
  Rendering /Users/valeriemaemirandasy/.rvm/gems/ruby-2.3.3/gems/actionpack-5.0.1/lib/action_dispatch/middleware/templates/rescues/_trace.html.erb
  Rendered /Users/valeriemaemirandasy/.rvm/gems/ruby-2.3.3/gems/actionpack-5.0.1/lib/action_dispatch/middleware/templates/rescues/_trace.html.erb (1.8ms)
  Rendering /Users/valeriemaemirandasy/.rvm/gems/ruby-2.3.3/gems/actionpack-5.0.1/lib/action_dispatch/middleware/templates/rescues/_request_and_response.html.erb
  Rendered /Users/valeriemaemirandasy/.rvm/gems/ruby-2.3.3/gems/actionpack-5.0.1/lib/action_dispatch/middleware/templates/rescues/_request_and_response.html.erb (0.8ms)
  Rendered /Users/valeriemaemirandasy/.rvm/gems/ruby-2.3.3/gems/actionpack-5.0.1/lib/action_dispatch/middleware/templates/rescues/template_error.html.erb within rescues/layout (69.6ms)
Started GET "/ideas" for ::1 at 2017-03-18 10:13:24 +0800
Processing by IdeasController#index as HTML
  Rendering ideas/index.html.erb within layouts/application
  [1m[36mIdea Load (0.1ms)[0m  [1m[34mSELECT "ideas".* FROM "ideas"[0m
  Rendered ideas/index.html.erb within layouts/application (8.2ms)
Completed 500 Internal Server Error in 16ms (ActiveRecord: 0.1ms)


  
ActionView::Template::Error (undefined method `name' for nil:NilClass):
    57: 
    58: <p>
    59:   <strong>Name:</strong>
    60:   <%= @idea.name %>
    61: </p>
    62: 
    63: <p>
  
app/views/ideas/index.html.erb:60:in `_app_views_ideas_index_html_erb__3603236132149911323_70350791370000'
  Rendering /Users/valeriemaemirandasy/.rvm/gems/ruby-2.3.3/gems/actionpack-5.0.1/lib/action_dispatch/middleware/templates/rescues/template_error.html.erb within rescues/layout
  Rendering /Users/valeriemaemirandasy/.rvm/gems/ruby-2.3.3/gems/actionpack-5.0.1/lib/action_dispatch/middleware/templates/rescues/_source.html.erb
  Rendered /Users/valeriemaemirandasy/.rvm/gems/ruby-2.3.3/gems/actionpack-5.0.1/lib/action_dispatch/middleware/templates/rescues/_source.html.erb (4.5ms)
  Rendering /Users/valeriemaemirandasy/.rvm/gems/ruby-2.3.3/gems/actionpack-5.0.1/lib/action_dispatch/middleware/templates/rescues/_trace.html.erb
  Rendered /Users/valeriemaemirandasy/.rvm/gems/ruby-2.3.3/gems/actionpack-5.0.1/lib/action_dispatch/middleware/templates/rescues/_trace.html.erb (1.8ms)
  Rendering /Users/valeriemaemirandasy/.rvm/gems/ruby-2.3.3/gems/actionpack-5.0.1/lib/action_dispatch/middleware/templates/rescues/_request_and_response.html.erb
  Rendered /Users/valeriemaemirandasy/.rvm/gems/ruby-2.3.3/gems/actionpack-5.0.1/lib/action_dispatch/middleware/templates/rescues/_request_and_response.html.erb (0.8ms)
  Rendered /Users/valeriemaemirandasy/.rvm/gems/ruby-2.3.3/gems/actionpack-5.0.1/lib/action_dispatch/middleware/templates/rescues/template_error.html.erb within rescues/layout (71.1ms)
Started GET "/ideas" for ::1 at 2017-03-18 10:13:35 +0800
Processing by IdeasController#index as HTML
  Rendering ideas/index.html.erb within layouts/application
  [1m[36mIdea Load (0.1ms)[0m  [1m[34mSELECT "ideas".* FROM "ideas"[0m
  Rendered ideas/index.html.erb within layouts/application (7.1ms)
Completed 200 OK in 74ms (Views: 72.2ms | ActiveRecord: 0.1ms)


Started GET "/ideas" for ::1 at 2017-03-18 10:13:54 +0800
Processing by IdeasController#index as HTML
  Rendering ideas/index.html.erb within layouts/application
  [1m[36mIdea Load (0.2ms)[0m  [1m[34mSELECT "ideas".* FROM "ideas"[0m
  Rendered ideas/index.html.erb within layouts/application (18.1ms)
Completed 500 Internal Server Error in 30ms (ActiveRecord: 0.2ms)


  
ActionView::Template::Error (wrong number of arguments (given 4, expected 0..3)):
    21:         <td><%= idea.picture %></td>
    22:         <td><%=l idea.created_at %></td>
    23:         <td>
    24:           <%= link_to t('.show', :default => t("helpers.links.show")),
    25:                       idea_path(idea), "#myModal", :class => "btn btn-info btn-xs", "data-toggle" => "modal" %>
    26:            <%= link_to t('.show', :default => t("helpers.links.show")),
    27:                       idea_path(idea), :class => 'btn btn-info btn-xs', "data-toggle" => "modal" %>
  
app/views/ideas/index.html.erb:24:in `block in _app_views_ideas_index_html_erb__3603236132149911323_70350814202620'
app/views/ideas/index.html.erb:17:in `_app_views_ideas_index_html_erb__3603236132149911323_70350814202620'
  Rendering /Users/valeriemaemirandasy/.rvm/gems/ruby-2.3.3/gems/actionpack-5.0.1/lib/action_dispatch/middleware/templates/rescues/template_error.html.erb within rescues/layout
  Rendering /Users/valeriemaemirandasy/.rvm/gems/ruby-2.3.3/gems/actionpack-5.0.1/lib/action_dispatch/middleware/templates/rescues/_source.html.erb
  Rendered /Users/valeriemaemirandasy/.rvm/gems/ruby-2.3.3/gems/actionpack-5.0.1/lib/action_dispatch/middleware/templates/rescues/_source.html.erb (8.6ms)
  Rendering /Users/valeriemaemirandasy/.rvm/gems/ruby-2.3.3/gems/actionpack-5.0.1/lib/action_dispatch/middleware/templates/rescues/_trace.html.erb
  Rendered /Users/valeriemaemirandasy/.rvm/gems/ruby-2.3.3/gems/actionpack-5.0.1/lib/action_dispatch/middleware/templates/rescues/_trace.html.erb (4.6ms)
  Rendering /Users/valeriemaemirandasy/.rvm/gems/ruby-2.3.3/gems/actionpack-5.0.1/lib/action_dispatch/middleware/templates/rescues/_request_and_response.html.erb
  Rendered /Users/valeriemaemirandasy/.rvm/gems/ruby-2.3.3/gems/actionpack-5.0.1/lib/action_dispatch/middleware/templates/rescues/_request_and_response.html.erb (1.1ms)
  Rendered /Users/valeriemaemirandasy/.rvm/gems/ruby-2.3.3/gems/actionpack-5.0.1/lib/action_dispatch/middleware/templates/rescues/template_error.html.erb within rescues/layout (82.4ms)
Started GET "/ideas" for ::1 at 2017-03-18 10:13:55 +0800
Processing by IdeasController#index as HTML
  Rendering ideas/index.html.erb within layouts/application
  [1m[36mIdea Load (0.1ms)[0m  [1m[34mSELECT "ideas".* FROM "ideas"[0m
  Rendered ideas/index.html.erb within layouts/application (6.4ms)
Completed 500 Internal Server Error in 14ms (ActiveRecord: 0.1ms)


  
ActionView::Template::Error (wrong number of arguments (given 4, expected 0..3)):
    21:         <td><%= idea.picture %></td>
    22:         <td><%=l idea.created_at %></td>
    23:         <td>
    24:           <%= link_to t('.show', :default => t("helpers.links.show")),
    25:                       idea_path(idea), "#myModal", :class => "btn btn-info btn-xs", "data-toggle" => "modal" %>
    26:            <%= link_to t('.show', :default => t("helpers.links.show")),
    27:                       idea_path(idea), :class => 'btn btn-info btn-xs', "data-toggle" => "modal" %>
  
app/views/ideas/index.html.erb:24:in `block in _app_views_ideas_index_html_erb__3603236132149911323_70350792112520'
app/views/ideas/index.html.erb:17:in `_app_views_ideas_index_html_erb__3603236132149911323_70350792112520'
  Rendering /Users/valeriemaemirandasy/.rvm/gems/ruby-2.3.3/gems/actionpack-5.0.1/lib/action_dispatch/middleware/templates/rescues/template_error.html.erb within rescues/layout
  Rendering /Users/valeriemaemirandasy/.rvm/gems/ruby-2.3.3/gems/actionpack-5.0.1/lib/action_dispatch/middleware/templates/rescues/_source.html.erb
  Rendered /Users/valeriemaemirandasy/.rvm/gems/ruby-2.3.3/gems/actionpack-5.0.1/lib/action_dispatch/middleware/templates/rescues/_source.html.erb (5.1ms)
  Rendering /Users/valeriemaemirandasy/.rvm/gems/ruby-2.3.3/gems/actionpack-5.0.1/lib/action_dispatch/middleware/templates/rescues/_trace.html.erb
  Rendered /Users/valeriemaemirandasy/.rvm/gems/ruby-2.3.3/gems/actionpack-5.0.1/lib/action_dispatch/middleware/templates/rescues/_trace.html.erb (1.9ms)
  Rendering /Users/valeriemaemirandasy/.rvm/gems/ruby-2.3.3/gems/actionpack-5.0.1/lib/action_dispatch/middleware/templates/rescues/_request_and_response.html.erb
  Rendered /Users/valeriemaemirandasy/.rvm/gems/ruby-2.3.3/gems/actionpack-5.0.1/lib/action_dispatch/middleware/templates/rescues/_request_and_response.html.erb (0.8ms)
  Rendered /Users/valeriemaemirandasy/.rvm/gems/ruby-2.3.3/gems/actionpack-5.0.1/lib/action_dispatch/middleware/templates/rescues/template_error.html.erb within rescues/layout (67.7ms)
Started GET "/ideas" for ::1 at 2017-03-18 10:13:56 +0800
Processing by IdeasController#index as HTML
  Rendering ideas/index.html.erb within layouts/application
  [1m[36mIdea Load (0.2ms)[0m  [1m[34mSELECT "ideas".* FROM "ideas"[0m
  Rendered ideas/index.html.erb within layouts/application (25.5ms)
Completed 500 Internal Server Error in 87ms (ActiveRecord: 0.2ms)


  
ActionView::Template::Error (wrong number of arguments (given 4, expected 0..3)):
    21:         <td><%= idea.picture %></td>
    22:         <td><%=l idea.created_at %></td>
    23:         <td>
    24:           <%= link_to t('.show', :default => t("helpers.links.show")),
    25:                       idea_path(idea), "#myModal", :class => "btn btn-info btn-xs", "data-toggle" => "modal" %>
    26:            <%= link_to t('.show', :default => t("helpers.links.show")),
    27:                       idea_path(idea), :class => 'btn btn-info btn-xs', "data-toggle" => "modal" %>
  
app/views/ideas/index.html.erb:24:in `block in _app_views_ideas_index_html_erb__3603236132149911323_70350809451960'
app/views/ideas/index.html.erb:17:in `_app_views_ideas_index_html_erb__3603236132149911323_70350809451960'
  Rendering /Users/valeriemaemirandasy/.rvm/gems/ruby-2.3.3/gems/actionpack-5.0.1/lib/action_dispatch/middleware/templates/rescues/template_error.html.erb within rescues/layout
  Rendering /Users/valeriemaemirandasy/.rvm/gems/ruby-2.3.3/gems/actionpack-5.0.1/lib/action_dispatch/middleware/templates/rescues/_source.html.erb
  Rendered /Users/valeriemaemirandasy/.rvm/gems/ruby-2.3.3/gems/actionpack-5.0.1/lib/action_dispatch/middleware/templates/rescues/_source.html.erb (7.1ms)
  Rendering /Users/valeriemaemirandasy/.rvm/gems/ruby-2.3.3/gems/actionpack-5.0.1/lib/action_dispatch/middleware/templates/rescues/_trace.html.erb
  Rendered /Users/valeriemaemirandasy/.rvm/gems/ruby-2.3.3/gems/actionpack-5.0.1/lib/action_dispatch/middleware/templates/rescues/_trace.html.erb (2.2ms)
  Rendering /Users/valeriemaemirandasy/.rvm/gems/ruby-2.3.3/gems/actionpack-5.0.1/lib/action_dispatch/middleware/templates/rescues/_request_and_response.html.erb
  Rendered /Users/valeriemaemirandasy/.rvm/gems/ruby-2.3.3/gems/actionpack-5.0.1/lib/action_dispatch/middleware/templates/rescues/_request_and_response.html.erb (0.8ms)
  Rendered /Users/valeriemaemirandasy/.rvm/gems/ruby-2.3.3/gems/actionpack-5.0.1/lib/action_dispatch/middleware/templates/rescues/template_error.html.erb within rescues/layout (76.7ms)
Started GET "/ideas" for ::1 at 2017-03-18 10:15:25 +0800
Processing by IdeasController#index as HTML
  Rendering ideas/index.html.erb within layouts/application
  [1m[36mIdea Load (0.2ms)[0m  [1m[34mSELECT "ideas".* FROM "ideas"[0m
  Rendered ideas/index.html.erb within layouts/application (6.6ms)
Completed 200 OK in 167ms (Views: 165.4ms | ActiveRecord: 0.2ms)


Started GET "/ideas" for ::1 at 2017-03-18 10:15:50 +0800
Processing by IdeasController#index as HTML
  Rendering ideas/index.html.erb within layouts/application
  [1m[36mIdea Load (0.1ms)[0m  [1m[34mSELECT "ideas".* FROM "ideas"[0m
  Rendered ideas/index.html.erb within layouts/application (5.6ms)
Completed 200 OK in 176ms (Views: 170.7ms | ActiveRecord: 0.1ms)


Started GET "/ideas" for ::1 at 2017-03-18 10:16:15 +0800
Processing by IdeasController#index as HTML
  Rendering ideas/index.html.erb within layouts/application
  [1m[36mIdea Load (0.2ms)[0m  [1m[34mSELECT "ideas".* FROM "ideas"[0m
  Rendered ideas/index.html.erb within layouts/application (5.6ms)
Completed 200 OK in 170ms (Views: 166.7ms | ActiveRecord: 0.2ms)


Started GET "/ideas" for ::1 at 2017-03-18 10:17:55 +0800
Processing by IdeasController#index as HTML
  Rendering ideas/index.html.erb within layouts/application
  [1m[36mIdea Load (0.2ms)[0m  [1m[34mSELECT "ideas".* FROM "ideas"[0m
  Rendered ideas/index.html.erb within layouts/application (6.6ms)
Completed 200 OK in 178ms (Views: 173.1ms | ActiveRecord: 0.2ms)


Started GET "/ideas" for ::1 at 2017-03-18 10:18:32 +0800
Processing by IdeasController#index as HTML
  Rendering ideas/index.html.erb within layouts/application
  [1m[36mIdea Load (0.1ms)[0m  [1m[34mSELECT "ideas".* FROM "ideas"[0m
  Rendered ideas/index.html.erb within layouts/application (6.7ms)
Completed 200 OK in 67ms (Views: 64.0ms | ActiveRecord: 0.1ms)


Started GET "/ideas" for ::1 at 2017-03-18 10:18:34 +0800
Processing by IdeasController#index as HTML
  Rendering ideas/index.html.erb within layouts/application
  [1m[36mIdea Load (0.3ms)[0m  [1m[34mSELECT "ideas".* FROM "ideas"[0m
  Rendered ideas/index.html.erb within layouts/application (9.1ms)
Completed 200 OK in 83ms (Views: 80.6ms | ActiveRecord: 0.3ms)


Started GET "/ideas/1" for ::1 at 2017-03-18 10:18:36 +0800
Processing by IdeasController#show as JS
  Parameters: {"id"=>"1"}
  [1m[36mIdea Load (0.2ms)[0m  [1m[34mSELECT  "ideas".* FROM "ideas" WHERE "ideas"."id" = ? LIMIT ?[0m  [["id", 1], ["LIMIT", 1]]
  Rendering ideas/show.html.erb within layouts/application
  Rendered ideas/show.html.erb within layouts/application (1.4ms)
Completed 200 OK in 92ms (Views: 71.9ms | ActiveRecord: 0.2ms)


Started GET "/ideas/new" for ::1 at 2017-03-18 10:22:00 +0800
Processing by IdeasController#new as HTML
  Rendering ideas/new.html.erb within layouts/application
  Rendered ideas/_form.html.erb (2.8ms)
  Rendered ideas/new.html.erb within layouts/application (6.6ms)
Completed 200 OK in 78ms (Views: 72.2ms | ActiveRecord: 0.0ms)


Started GET "/ideas/new" for ::1 at 2017-03-18 10:22:11 +0800
Processing by IdeasController#new as HTML
  Rendering ideas/new.html.erb within layouts/application
  Rendered ideas/_form.html.erb (3.1ms)
  Rendered ideas/new.html.erb within layouts/application (4.6ms)
Completed 200 OK in 64ms (Views: 61.5ms | ActiveRecord: 0.0ms)


Started GET "/" for ::1 at 2017-03-18 10:22:26 +0800
Started GET "/ideas" for ::1 at 2017-03-18 10:22:26 +0800
Processing by IdeasController#index as HTML
  Rendering ideas/index.html.erb within layouts/application
  [1m[36mIdea Load (0.3ms)[0m  [1m[34mSELECT "ideas".* FROM "ideas"[0m
  Rendered ideas/index.html.erb within layouts/application (9.7ms)
Completed 200 OK in 117ms (Views: 114.5ms | ActiveRecord: 0.3ms)


Started GET "/ideas/1" for ::1 at 2017-03-18 10:22:32 +0800
Processing by IdeasController#show as JS
  Parameters: {"id"=>"1"}
  [1m[36mIdea Load (0.1ms)[0m  [1m[34mSELECT  "ideas".* FROM "ideas" WHERE "ideas"."id" = ? LIMIT ?[0m  [["id", 1], ["LIMIT", 1]]
  Rendering ideas/show.html.erb within layouts/application
  Rendered ideas/show.html.erb within layouts/application (1.6ms)
Completed 200 OK in 91ms (Views: 77.1ms | ActiveRecord: 0.1ms)


Started GET "/" for ::1 at 2017-03-18 10:22:41 +0800
Started GET "/ideas" for ::1 at 2017-03-18 10:22:41 +0800
Processing by IdeasController#index as HTML
  Rendering ideas/index.html.erb within layouts/application
  [1m[36mIdea Load (0.1ms)[0m  [1m[34mSELECT "ideas".* FROM "ideas"[0m
  Rendered ideas/index.html.erb within layouts/application (6.2ms)
Completed 200 OK in 69ms (Views: 67.0ms | ActiveRecord: 0.1ms)


Started GET "/ideas/1" for ::1 at 2017-03-18 10:22:43 +0800
Processing by IdeasController#show as JS
  Parameters: {"id"=>"1"}
  [1m[36mIdea Load (0.1ms)[0m  [1m[34mSELECT  "ideas".* FROM "ideas" WHERE "ideas"."id" = ? LIMIT ?[0m  [["id", 1], ["LIMIT", 1]]
  Rendering ideas/show.html.erb within layouts/application
  Rendered ideas/show.html.erb within layouts/application (1.5ms)
Completed 200 OK in 88ms (Views: 74.0ms | ActiveRecord: 0.1ms)


Started GET "/ideas/1" for ::1 at 2017-03-18 10:22:44 +0800
Processing by IdeasController#show as JS
  Parameters: {"id"=>"1"}
  [1m[36mIdea Load (0.1ms)[0m  [1m[34mSELECT  "ideas".* FROM "ideas" WHERE "ideas"."id" = ? LIMIT ?[0m  [["id", 1], ["LIMIT", 1]]
  Rendering ideas/show.html.erb within layouts/application
  Rendered ideas/show.html.erb within layouts/application (1.2ms)
Completed 200 OK in 80ms (Views: 66.5ms | ActiveRecord: 0.1ms)


Started GET "/ideas" for ::1 at 2017-03-18 10:23:27 +0800
Processing by IdeasController#index as HTML
  Rendering ideas/index.html.erb within layouts/application
  [1m[36mIdea Load (0.1ms)[0m  [1m[34mSELECT "ideas".* FROM "ideas"[0m
  Rendered ideas/index.html.erb within layouts/application (4.7ms)
Completed 200 OK in 58ms (Views: 55.7ms | ActiveRecord: 0.1ms)


Started GET "/ideas/1" for ::1 at 2017-03-18 10:23:29 +0800
Processing by IdeasController#show as HTML
  Parameters: {"id"=>"1"}
  [1m[36mIdea Load (0.1ms)[0m  [1m[34mSELECT  "ideas".* FROM "ideas" WHERE "ideas"."id" = ? LIMIT ?[0m  [["id", 1], ["LIMIT", 1]]
  Rendering ideas/show.html.erb within layouts/application
  Rendered ideas/show.html.erb within layouts/application (1.6ms)
Completed 200 OK in 85ms (Views: 80.3ms | ActiveRecord: 0.1ms)


Started GET "/ideas/1" for ::1 at 2017-03-18 10:25:36 +0800
Processing by IdeasController#show as HTML
  Parameters: {"id"=>"1"}
  [1m[36mIdea Load (0.3ms)[0m  [1m[34mSELECT  "ideas".* FROM "ideas" WHERE "ideas"."id" = ? LIMIT ?[0m  [["id", 1], ["LIMIT", 1]]
  Rendering ideas/show.html.erb within layouts/application
  Rendered ideas/show.html.erb within layouts/application (1.4ms)
Completed 200 OK in 72ms (Views: 67.8ms | ActiveRecord: 0.3ms)


Started GET "/ideas/1" for ::1 at 2017-03-18 10:25:59 +0800
Processing by IdeasController#show as HTML
  Parameters: {"id"=>"1"}
  [1m[36mIdea Load (0.2ms)[0m  [1m[34mSELECT  "ideas".* FROM "ideas" WHERE "ideas"."id" = ? LIMIT ?[0m  [["id", 1], ["LIMIT", 1]]
  Rendering ideas/show.html.erb within layouts/application
  Rendered ideas/show.html.erb within layouts/application (1.4ms)
Completed 200 OK in 95ms (Views: 89.8ms | ActiveRecord: 0.2ms)


Started GET "/ideas/1" for ::1 at 2017-03-18 10:26:14 +0800
Processing by IdeasController#show as HTML
  Parameters: {"id"=>"1"}
  [1m[36mIdea Load (0.1ms)[0m  [1m[34mSELECT  "ideas".* FROM "ideas" WHERE "ideas"."id" = ? LIMIT ?[0m  [["id", 1], ["LIMIT", 1]]
  Rendering ideas/show.html.erb within layouts/application
  Rendered ideas/show.html.erb within layouts/application (1.3ms)
Completed 200 OK in 69ms (Views: 65.7ms | ActiveRecord: 0.1ms)


Started GET "/ideas/1" for ::1 at 2017-03-18 10:26:30 +0800
Processing by IdeasController#show as HTML
  Parameters: {"id"=>"1"}
  [1m[36mIdea Load (0.1ms)[0m  [1m[34mSELECT  "ideas".* FROM "ideas" WHERE "ideas"."id" = ? LIMIT ?[0m  [["id", 1], ["LIMIT", 1]]
  Rendering ideas/show.html.erb within layouts/application
  Rendered ideas/show.html.erb within layouts/application (1.0ms)
Completed 200 OK in 70ms (Views: 67.7ms | ActiveRecord: 0.1ms)


Started GET "/ideas/1" for ::1 at 2017-03-18 10:27:04 +0800
Processing by IdeasController#show as HTML
  Parameters: {"id"=>"1"}
  [1m[36mIdea Load (0.1ms)[0m  [1m[34mSELECT  "ideas".* FROM "ideas" WHERE "ideas"."id" = ? LIMIT ?[0m  [["id", 1], ["LIMIT", 1]]
  Rendering ideas/show.html.erb within layouts/application
  Rendered ideas/show.html.erb within layouts/application (1.6ms)
Completed 200 OK in 83ms (Views: 80.9ms | ActiveRecord: 0.1ms)


Started GET "/ideas/1" for ::1 at 2017-03-18 10:27:43 +0800
Processing by IdeasController#show as HTML
  Parameters: {"id"=>"1"}
  [1m[36mIdea Load (0.1ms)[0m  [1m[34mSELECT  "ideas".* FROM "ideas" WHERE "ideas"."id" = ? LIMIT ?[0m  [["id", 1], ["LIMIT", 1]]
  Rendering ideas/show.html.erb within layouts/application
  Rendered ideas/show.html.erb within layouts/application (1.2ms)
Completed 200 OK in 86ms (Views: 83.9ms | ActiveRecord: 0.1ms)


Started GET "/ideas/1" for ::1 at 2017-03-18 10:28:24 +0800
Processing by IdeasController#show as HTML
  Parameters: {"id"=>"1"}
  [1m[36mIdea Load (0.2ms)[0m  [1m[34mSELECT  "ideas".* FROM "ideas" WHERE "ideas"."id" = ? LIMIT ?[0m  [["id", 1], ["LIMIT", 1]]
  Rendering ideas/show.html.erb within layouts/application
  Rendered ideas/show.html.erb within layouts/application (1.2ms)
Completed 200 OK in 69ms (Views: 65.1ms | ActiveRecord: 0.2ms)


Started GET "/ideas/1" for ::1 at 2017-03-18 10:28:37 +0800
Processing by IdeasController#show as HTML
  Parameters: {"id"=>"1"}
  [1m[36mIdea Load (0.1ms)[0m  [1m[34mSELECT  "ideas".* FROM "ideas" WHERE "ideas"."id" = ? LIMIT ?[0m  [["id", 1], ["LIMIT", 1]]
  Rendering ideas/show.html.erb within layouts/application
  Rendered ideas/show.html.erb within layouts/application (1.2ms)
Completed 200 OK in 55ms (Views: 53.2ms | ActiveRecord: 0.1ms)


Started GET "/ideas/1" for ::1 at 2017-03-18 10:28:49 +0800
Processing by IdeasController#show as HTML
  Parameters: {"id"=>"1"}
  [1m[36mIdea Load (0.2ms)[0m  [1m[34mSELECT  "ideas".* FROM "ideas" WHERE "ideas"."id" = ? LIMIT ?[0m  [["id", 1], ["LIMIT", 1]]
  Rendering ideas/show.html.erb within layouts/application
  Rendered ideas/show.html.erb within layouts/application (1.0ms)
Completed 200 OK in 81ms (Views: 77.5ms | ActiveRecord: 0.2ms)


Started GET "/ideas/1" for ::1 at 2017-03-18 10:29:08 +0800
Processing by IdeasController#show as HTML
  Parameters: {"id"=>"1"}
  [1m[36mIdea Load (0.2ms)[0m  [1m[34mSELECT  "ideas".* FROM "ideas" WHERE "ideas"."id" = ? LIMIT ?[0m  [["id", 1], ["LIMIT", 1]]
  Rendering ideas/show.html.erb within layouts/application
  Rendered ideas/show.html.erb within layouts/application (1.7ms)
Completed 200 OK in 71ms (Views: 66.6ms | ActiveRecord: 0.2ms)


Started GET "/ideas/1" for ::1 at 2017-03-18 10:29:40 +0800
Processing by IdeasController#show as HTML
  Parameters: {"id"=>"1"}
  [1m[36mIdea Load (0.1ms)[0m  [1m[34mSELECT  "ideas".* FROM "ideas" WHERE "ideas"."id" = ? LIMIT ?[0m  [["id", 1], ["LIMIT", 1]]
  Rendering ideas/show.html.erb within layouts/application
  Rendered ideas/show.html.erb within layouts/application (1.6ms)
Completed 200 OK in 68ms (Views: 65.1ms | ActiveRecord: 0.1ms)


Started GET "/ideas/1" for ::1 at 2017-03-18 10:29:54 +0800
Processing by IdeasController#show as HTML
  Parameters: {"id"=>"1"}
  [1m[36mIdea Load (0.2ms)[0m  [1m[34mSELECT  "ideas".* FROM "ideas" WHERE "ideas"."id" = ? LIMIT ?[0m  [["id", 1], ["LIMIT", 1]]
  Rendering ideas/show.html.erb within layouts/application
  Rendered ideas/show.html.erb within layouts/application (1.1ms)
Completed 200 OK in 69ms (Views: 65.7ms | ActiveRecord: 0.1ms)


Started GET "/ideas/1" for ::1 at 2017-03-18 10:30:19 +0800
Processing by IdeasController#show as HTML
  Parameters: {"id"=>"1"}
  [1m[36mIdea Load (0.2ms)[0m  [1m[34mSELECT  "ideas".* FROM "ideas" WHERE "ideas"."id" = ? LIMIT ?[0m  [["id", 1], ["LIMIT", 1]]
  Rendering ideas/show.html.erb within layouts/application
  Rendered ideas/show.html.erb within layouts/application (1.3ms)
Completed 200 OK in 60ms (Views: 55.7ms | ActiveRecord: 0.2ms)


Started GET "/ideas/1" for ::1 at 2017-03-18 10:30:36 +0800
Processing by IdeasController#show as HTML
  Parameters: {"id"=>"1"}
  [1m[36mIdea Load (0.2ms)[0m  [1m[34mSELECT  "ideas".* FROM "ideas" WHERE "ideas"."id" = ? LIMIT ?[0m  [["id", 1], ["LIMIT", 1]]
  Rendering ideas/show.html.erb within layouts/application
  Rendered ideas/show.html.erb within layouts/application (1.5ms)
Completed 200 OK in 69ms (Views: 64.6ms | ActiveRecord: 0.2ms)


Started GET "/ideas/1" for ::1 at 2017-03-18 10:30:54 +0800
Processing by IdeasController#show as HTML
  Parameters: {"id"=>"1"}
  [1m[36mIdea Load (0.1ms)[0m  [1m[34mSELECT  "ideas".* FROM "ideas" WHERE "ideas"."id" = ? LIMIT ?[0m  [["id", 1], ["LIMIT", 1]]
  Rendering ideas/show.html.erb within layouts/application
  Rendered ideas/show.html.erb within layouts/application (1.1ms)
Completed 200 OK in 68ms (Views: 65.9ms | ActiveRecord: 0.1ms)


Started GET "/ideas/1" for ::1 at 2017-03-18 10:31:19 +0800
Processing by IdeasController#show as HTML
  Parameters: {"id"=>"1"}
  [1m[36mIdea Load (0.1ms)[0m  [1m[34mSELECT  "ideas".* FROM "ideas" WHERE "ideas"."id" = ? LIMIT ?[0m  [["id", 1], ["LIMIT", 1]]
  Rendering ideas/show.html.erb within layouts/application
  Rendered ideas/show.html.erb within layouts/application (1.3ms)
Completed 200 OK in 70ms (Views: 68.0ms | ActiveRecord: 0.1ms)


Started GET "/ideas/1" for ::1 at 2017-03-18 10:31:47 +0800
Processing by IdeasController#show as HTML
  Parameters: {"id"=>"1"}
  [1m[36mIdea Load (0.1ms)[0m  [1m[34mSELECT  "ideas".* FROM "ideas" WHERE "ideas"."id" = ? LIMIT ?[0m  [["id", 1], ["LIMIT", 1]]
  Rendering ideas/show.html.erb within layouts/application
  Rendered ideas/show.html.erb within layouts/application (3.1ms)
Completed 500 Internal Server Error in 11ms (ActiveRecord: 0.1ms)


  
SyntaxError (/Users/valeriemaemirandasy/Desktop/idea_app/app/views/ideas/show.html.erb:12: syntax error, unexpected ')', expecting =>
...tn-xs', edit_idea_path(@idea) );@output_buffer.safe_append='...
...                               ^
/Users/valeriemaemirandasy/Desktop/idea_app/app/views/ideas/show.html.erb:18: syntax error, unexpected keyword_ensure, expecting ')'
/Users/valeriemaemirandasy/Desktop/idea_app/app/views/ideas/show.html.erb:20: syntax error, unexpected keyword_end, expecting ')'):
  
app/views/ideas/show.html.erb:12: syntax error, unexpected ')', expecting =>
app/views/ideas/show.html.erb:18: syntax error, unexpected keyword_ensure, expecting ')'
app/views/ideas/show.html.erb:20: syntax error, unexpected keyword_end, expecting ')'
  Rendering /Users/valeriemaemirandasy/.rvm/gems/ruby-2.3.3/gems/actionpack-5.0.1/lib/action_dispatch/middleware/templates/rescues/diagnostics.html.erb within rescues/layout
  Rendering /Users/valeriemaemirandasy/.rvm/gems/ruby-2.3.3/gems/actionpack-5.0.1/lib/action_dispatch/middleware/templates/rescues/_source.html.erb
  Rendered /Users/valeriemaemirandasy/.rvm/gems/ruby-2.3.3/gems/actionpack-5.0.1/lib/action_dispatch/middleware/templates/rescues/_source.html.erb (4.5ms)
  Rendering /Users/valeriemaemirandasy/.rvm/gems/ruby-2.3.3/gems/actionpack-5.0.1/lib/action_dispatch/middleware/templates/rescues/_trace.html.erb
  Rendered /Users/valeriemaemirandasy/.rvm/gems/ruby-2.3.3/gems/actionpack-5.0.1/lib/action_dispatch/middleware/templates/rescues/_trace.html.erb (3.6ms)
  Rendering /Users/valeriemaemirandasy/.rvm/gems/ruby-2.3.3/gems/actionpack-5.0.1/lib/action_dispatch/middleware/templates/rescues/_request_and_response.html.erb
  Rendered /Users/valeriemaemirandasy/.rvm/gems/ruby-2.3.3/gems/actionpack-5.0.1/lib/action_dispatch/middleware/templates/rescues/_request_and_response.html.erb (1.7ms)
  Rendered /Users/valeriemaemirandasy/.rvm/gems/ruby-2.3.3/gems/actionpack-5.0.1/lib/action_dispatch/middleware/templates/rescues/diagnostics.html.erb within rescues/layout (85.1ms)
Started GET "/ideas/1" for ::1 at 2017-03-18 10:32:04 +0800
Processing by IdeasController#show as HTML
  Parameters: {"id"=>"1"}
  [1m[36mIdea Load (0.1ms)[0m  [1m[34mSELECT  "ideas".* FROM "ideas" WHERE "ideas"."id" = ? LIMIT ?[0m  [["id", 1], ["LIMIT", 1]]
  Rendering ideas/show.html.erb within layouts/application
  Rendered ideas/show.html.erb within layouts/application (1.4ms)
Completed 200 OK in 81ms (Views: 78.9ms | ActiveRecord: 0.1ms)


Started GET "/ideas/1" for ::1 at 2017-03-18 10:32:16 +0800
Processing by IdeasController#show as HTML
  Parameters: {"id"=>"1"}
  [1m[36mIdea Load (0.1ms)[0m  [1m[34mSELECT  "ideas".* FROM "ideas" WHERE "ideas"."id" = ? LIMIT ?[0m  [["id", 1], ["LIMIT", 1]]
  Rendering ideas/show.html.erb within layouts/application
  Rendered ideas/show.html.erb within layouts/application (2.3ms)
Completed 200 OK in 98ms (Views: 94.8ms | ActiveRecord: 0.1ms)


Started GET "/ideas/1" for ::1 at 2017-03-18 10:32:32 +0800
Processing by IdeasController#show as HTML
  Parameters: {"id"=>"1"}
  [1m[36mIdea Load (0.1ms)[0m  [1m[34mSELECT  "ideas".* FROM "ideas" WHERE "ideas"."id" = ? LIMIT ?[0m  [["id", 1], ["LIMIT", 1]]
  Rendering ideas/show.html.erb within layouts/application
  Rendered ideas/show.html.erb within layouts/application (1.2ms)
Completed 200 OK in 67ms (Views: 63.6ms | ActiveRecord: 0.1ms)


Started GET "/ideas/1" for ::1 at 2017-03-18 10:32:41 +0800
Processing by IdeasController#show as HTML
  Parameters: {"id"=>"1"}
  [1m[36mIdea Load (0.2ms)[0m  [1m[34mSELECT  "ideas".* FROM "ideas" WHERE "ideas"."id" = ? LIMIT ?[0m  [["id", 1], ["LIMIT", 1]]
  Rendering ideas/show.html.erb within layouts/application
  Rendered ideas/show.html.erb within layouts/application (1.2ms)
Completed 200 OK in 70ms (Views: 66.2ms | ActiveRecord: 0.2ms)


Started GET "/ideas/1" for ::1 at 2017-03-18 10:33:17 +0800
Processing by IdeasController#show as HTML
  Parameters: {"id"=>"1"}
  [1m[36mIdea Load (0.1ms)[0m  [1m[34mSELECT  "ideas".* FROM "ideas" WHERE "ideas"."id" = ? LIMIT ?[0m  [["id", 1], ["LIMIT", 1]]
  Rendering ideas/show.html.erb within layouts/application
  Rendered ideas/show.html.erb within layouts/application (1.1ms)
Completed 200 OK in 78ms (Views: 75.4ms | ActiveRecord: 0.1ms)


Started GET "/ideas/1" for ::1 at 2017-03-18 10:33:36 +0800
Processing by IdeasController#show as HTML
  Parameters: {"id"=>"1"}
  [1m[36mIdea Load (0.1ms)[0m  [1m[34mSELECT  "ideas".* FROM "ideas" WHERE "ideas"."id" = ? LIMIT ?[0m  [["id", 1], ["LIMIT", 1]]
  Rendering ideas/show.html.erb within layouts/application
  Rendered ideas/show.html.erb within layouts/application (1.2ms)
Completed 200 OK in 73ms (Views: 70.4ms | ActiveRecord: 0.1ms)


Started GET "/ideas/1" for ::1 at 2017-03-18 10:34:04 +0800
Processing by IdeasController#show as HTML
  Parameters: {"id"=>"1"}
  [1m[36mIdea Load (0.1ms)[0m  [1m[34mSELECT  "ideas".* FROM "ideas" WHERE "ideas"."id" = ? LIMIT ?[0m  [["id", 1], ["LIMIT", 1]]
  Rendering ideas/show.html.erb within layouts/application
  Rendered ideas/show.html.erb within layouts/application (1.4ms)
Completed 200 OK in 64ms (Views: 59.9ms | ActiveRecord: 0.1ms)


Started GET "/ideas/1" for ::1 at 2017-03-18 10:34:55 +0800
Processing by IdeasController#show as HTML
  Parameters: {"id"=>"1"}
  [1m[36mIdea Load (0.1ms)[0m  [1m[34mSELECT  "ideas".* FROM "ideas" WHERE "ideas"."id" = ? LIMIT ?[0m  [["id", 1], ["LIMIT", 1]]
  Rendering ideas/show.html.erb within layouts/application
  Rendered ideas/show.html.erb within layouts/application (1.3ms)
Completed 200 OK in 76ms (Views: 72.0ms | ActiveRecord: 0.1ms)


Started GET "/ideas/1" for ::1 at 2017-03-18 10:35:50 +0800
Processing by IdeasController#show as HTML
  Parameters: {"id"=>"1"}
  [1m[36mIdea Load (0.2ms)[0m  [1m[34mSELECT  "ideas".* FROM "ideas" WHERE "ideas"."id" = ? LIMIT ?[0m  [["id", 1], ["LIMIT", 1]]
  Rendering ideas/show.html.erb within layouts/application
  Rendered ideas/show.html.erb within layouts/application (1.2ms)
Completed 200 OK in 61ms (Views: 57.3ms | ActiveRecord: 0.2ms)


Started GET "/ideas/1" for ::1 at 2017-03-18 10:36:13 +0800
Processing by IdeasController#show as HTML
  Parameters: {"id"=>"1"}
  [1m[36mIdea Load (0.1ms)[0m  [1m[34mSELECT  "ideas".* FROM "ideas" WHERE "ideas"."id" = ? LIMIT ?[0m  [["id", 1], ["LIMIT", 1]]
  Rendering ideas/show.html.erb within layouts/application
  Rendered ideas/show.html.erb within layouts/application (1.2ms)
Completed 200 OK in 68ms (Views: 65.0ms | ActiveRecord: 0.1ms)


Started GET "/ideas/1" for ::1 at 2017-03-18 10:36:35 +0800
Processing by IdeasController#show as HTML
  Parameters: {"id"=>"1"}
  [1m[36mIdea Load (0.1ms)[0m  [1m[34mSELECT  "ideas".* FROM "ideas" WHERE "ideas"."id" = ? LIMIT ?[0m  [["id", 1], ["LIMIT", 1]]
  Rendering ideas/show.html.erb within layouts/application
  Rendered ideas/show.html.erb within layouts/application (1.3ms)
Completed 200 OK in 68ms (Views: 65.4ms | ActiveRecord: 0.1ms)


Started GET "/ideas/1" for ::1 at 2017-03-18 10:37:20 +0800
Processing by IdeasController#show as HTML
  Parameters: {"id"=>"1"}
  [1m[36mIdea Load (0.1ms)[0m  [1m[34mSELECT  "ideas".* FROM "ideas" WHERE "ideas"."id" = ? LIMIT ?[0m  [["id", 1], ["LIMIT", 1]]
  Rendering ideas/show.html.erb within layouts/application
  Rendered ideas/show.html.erb within layouts/application (1.1ms)
Completed 200 OK in 64ms (Views: 61.9ms | ActiveRecord: 0.1ms)


Started GET "/ideas/1" for ::1 at 2017-03-18 10:37:37 +0800
Processing by IdeasController#show as HTML
  Parameters: {"id"=>"1"}
  [1m[36mIdea Load (0.1ms)[0m  [1m[34mSELECT  "ideas".* FROM "ideas" WHERE "ideas"."id" = ? LIMIT ?[0m  [["id", 1], ["LIMIT", 1]]
  Rendering ideas/show.html.erb within layouts/application
  Rendered ideas/show.html.erb within layouts/application (2.0ms)
Completed 200 OK in 75ms (Views: 72.6ms | ActiveRecord: 0.1ms)


Started GET "/ideas/1" for ::1 at 2017-03-18 10:37:57 +0800
Processing by IdeasController#show as HTML
  Parameters: {"id"=>"1"}
  [1m[36mIdea Load (0.1ms)[0m  [1m[34mSELECT  "ideas".* FROM "ideas" WHERE "ideas"."id" = ? LIMIT ?[0m  [["id", 1], ["LIMIT", 1]]
  Rendering ideas/show.html.erb within layouts/application
  Rendered ideas/show.html.erb within layouts/application (1.4ms)
Completed 200 OK in 66ms (Views: 63.6ms | ActiveRecord: 0.1ms)


Started GET "/ideas/1" for ::1 at 2017-03-18 10:38:08 +0800
Processing by IdeasController#show as HTML
  Parameters: {"id"=>"1"}
  [1m[36mIdea Load (0.2ms)[0m  [1m[34mSELECT  "ideas".* FROM "ideas" WHERE "ideas"."id" = ? LIMIT ?[0m  [["id", 1], ["LIMIT", 1]]
  Rendering ideas/show.html.erb within layouts/application
  Rendered ideas/show.html.erb within layouts/application (1.1ms)
Completed 200 OK in 67ms (Views: 61.9ms | ActiveRecord: 0.2ms)


Started GET "/ideas/1" for ::1 at 2017-03-18 10:38:31 +0800
Processing by IdeasController#show as HTML
  Parameters: {"id"=>"1"}
  [1m[36mIdea Load (0.1ms)[0m  [1m[34mSELECT  "ideas".* FROM "ideas" WHERE "ideas"."id" = ? LIMIT ?[0m  [["id", 1], ["LIMIT", 1]]
  Rendering ideas/show.html.erb within layouts/application
  Rendered ideas/show.html.erb within layouts/application (2.3ms)
Completed 200 OK in 74ms (Views: 70.2ms | ActiveRecord: 0.1ms)


Started GET "/ideas/1" for ::1 at 2017-03-18 10:38:49 +0800
Processing by IdeasController#show as HTML
  Parameters: {"id"=>"1"}
  [1m[36mIdea Load (0.1ms)[0m  [1m[34mSELECT  "ideas".* FROM "ideas" WHERE "ideas"."id" = ? LIMIT ?[0m  [["id", 1], ["LIMIT", 1]]
  Rendering ideas/show.html.erb within layouts/application
  Rendered ideas/show.html.erb within layouts/application (1.7ms)
Completed 200 OK in 77ms (Views: 74.6ms | ActiveRecord: 0.1ms)


Started GET "/ideas/1" for ::1 at 2017-03-18 10:39:16 +0800
Processing by IdeasController#show as HTML
  Parameters: {"id"=>"1"}
  [1m[36mIdea Load (0.1ms)[0m  [1m[34mSELECT  "ideas".* FROM "ideas" WHERE "ideas"."id" = ? LIMIT ?[0m  [["id", 1], ["LIMIT", 1]]
  Rendering ideas/show.html.erb within layouts/application
  Rendered ideas/show.html.erb within layouts/application (2.4ms)
Completed 200 OK in 85ms (Views: 81.0ms | ActiveRecord: 0.1ms)


Started GET "/ideas/1" for ::1 at 2017-03-18 10:39:41 +0800
Processing by IdeasController#show as HTML
  Parameters: {"id"=>"1"}
  [1m[36mIdea Load (0.2ms)[0m  [1m[34mSELECT  "ideas".* FROM "ideas" WHERE "ideas"."id" = ? LIMIT ?[0m  [["id", 1], ["LIMIT", 1]]
  Rendering ideas/show.html.erb within layouts/application
  Rendered ideas/show.html.erb within layouts/application (1.4ms)
Completed 200 OK in 73ms (Views: 68.7ms | ActiveRecord: 0.2ms)


Started GET "/ideas/1" for ::1 at 2017-03-18 10:39:57 +0800
Processing by IdeasController#show as HTML
  Parameters: {"id"=>"1"}
  [1m[36mIdea Load (0.3ms)[0m  [1m[34mSELECT  "ideas".* FROM "ideas" WHERE "ideas"."id" = ? LIMIT ?[0m  [["id", 1], ["LIMIT", 1]]
  Rendering ideas/show.html.erb within layouts/application
  Rendered ideas/show.html.erb within layouts/application (1.2ms)
Completed 200 OK in 79ms (Views: 74.2ms | ActiveRecord: 0.3ms)


Started GET "/ideas/1" for ::1 at 2017-03-18 10:40:05 +0800
Processing by IdeasController#show as HTML
  Parameters: {"id"=>"1"}
  [1m[36mIdea Load (0.1ms)[0m  [1m[34mSELECT  "ideas".* FROM "ideas" WHERE "ideas"."id" = ? LIMIT ?[0m  [["id", 1], ["LIMIT", 1]]
  Rendering ideas/show.html.erb within layouts/application
  Rendered ideas/show.html.erb within layouts/application (1.2ms)
Completed 200 OK in 73ms (Views: 69.5ms | ActiveRecord: 0.1ms)


Started GET "/ideas/1" for ::1 at 2017-03-18 10:40:13 +0800
Processing by IdeasController#show as HTML
  Parameters: {"id"=>"1"}
  [1m[36mIdea Load (0.1ms)[0m  [1m[34mSELECT  "ideas".* FROM "ideas" WHERE "ideas"."id" = ? LIMIT ?[0m  [["id", 1], ["LIMIT", 1]]
  Rendering ideas/show.html.erb within layouts/application
  Rendered ideas/show.html.erb within layouts/application (1.2ms)
Completed 200 OK in 69ms (Views: 66.1ms | ActiveRecord: 0.1ms)


Started GET "/ideas/1" for ::1 at 2017-03-18 10:40:22 +0800
Processing by IdeasController#show as HTML
  Parameters: {"id"=>"1"}
  [1m[36mIdea Load (0.2ms)[0m  [1m[34mSELECT  "ideas".* FROM "ideas" WHERE "ideas"."id" = ? LIMIT ?[0m  [["id", 1], ["LIMIT", 1]]
  Rendering ideas/show.html.erb within layouts/application
  Rendered ideas/show.html.erb within layouts/application (1.2ms)
Completed 200 OK in 74ms (Views: 70.4ms | ActiveRecord: 0.2ms)


Started GET "/ideas/1" for ::1 at 2017-03-18 10:40:41 +0800
Processing by IdeasController#show as HTML
  Parameters: {"id"=>"1"}
  [1m[36mIdea Load (0.1ms)[0m  [1m[34mSELECT  "ideas".* FROM "ideas" WHERE "ideas"."id" = ? LIMIT ?[0m  [["id", 1], ["LIMIT", 1]]
  Rendering ideas/show.html.erb within layouts/application
  Rendered ideas/show.html.erb within layouts/application (1.7ms)
Completed 200 OK in 77ms (Views: 73.7ms | ActiveRecord: 0.1ms)


Started GET "/ideas/1/edit" for ::1 at 2017-03-18 10:40:50 +0800
Processing by IdeasController#edit as HTML
  Parameters: {"id"=>"1"}
  [1m[36mIdea Load (0.2ms)[0m  [1m[34mSELECT  "ideas".* FROM "ideas" WHERE "ideas"."id" = ? LIMIT ?[0m  [["id", 1], ["LIMIT", 1]]
  Rendering ideas/edit.html.erb within layouts/application
  Rendered ideas/_form.html.erb (3.3ms)
  Rendered ideas/edit.html.erb within layouts/application (7.9ms)
Completed 200 OK in 81ms (Views: 74.5ms | ActiveRecord: 0.2ms)


Started GET "/ideas" for ::1 at 2017-03-18 10:40:59 +0800
Processing by IdeasController#index as HTML
  Rendering ideas/index.html.erb within layouts/application
  [1m[36mIdea Load (0.1ms)[0m  [1m[34mSELECT "ideas".* FROM "ideas"[0m
  Rendered ideas/index.html.erb within layouts/application (5.6ms)
Completed 200 OK in 71ms (Views: 64.4ms | ActiveRecord: 0.1ms)


Started GET "/ideas" for ::1 at 2017-03-18 10:41:20 +0800
Processing by IdeasController#index as HTML
Started GET "/ideas/1" for ::1 at 2017-03-18 10:41:20 +0800
Processing by IdeasController#show as HTML
  Parameters: {"id"=>"1"}
  Rendering ideas/index.html.erb within layouts/application
  [1m[36mIdea Load (0.1ms)[0m  [1m[34mSELECT  "ideas".* FROM "ideas" WHERE "ideas"."id" = ? LIMIT ?[0m  [["id", 1], ["LIMIT", 1]]
  [1m[36mIdea Load (0.1ms)[0m  [1m[34mSELECT "ideas".* FROM "ideas"[0m
  Rendered ideas/index.html.erb within layouts/application (6.6ms)
  Rendering ideas/show.html.erb within layouts/application
  Rendered ideas/show.html.erb within layouts/application (1.3ms)
Completed 200 OK in 146ms (Views: 142.7ms | ActiveRecord: 0.1ms)


Completed 200 OK in 141ms (Views: 133.4ms | ActiveRecord: 0.1ms)


Started GET "/ideas/1" for ::1 at 2017-03-18 10:41:22 +0800
Processing by IdeasController#show as HTML
  Parameters: {"id"=>"1"}
  [1m[36mIdea Load (0.1ms)[0m  [1m[34mSELECT  "ideas".* FROM "ideas" WHERE "ideas"."id" = ? LIMIT ?[0m  [["id", 1], ["LIMIT", 1]]
  Rendering ideas/show.html.erb within layouts/application
  Rendered ideas/show.html.erb within layouts/application (1.2ms)
Completed 200 OK in 81ms (Views: 76.8ms | ActiveRecord: 0.1ms)


Started GET "/ideas" for ::1 at 2017-03-18 10:41:26 +0800
Processing by IdeasController#index as HTML
  Rendering ideas/index.html.erb within layouts/application
  [1m[36mIdea Load (0.1ms)[0m  [1m[34mSELECT "ideas".* FROM "ideas"[0m
  Rendered ideas/index.html.erb within layouts/application (6.0ms)
Completed 200 OK in 79ms (Views: 76.3ms | ActiveRecord: 0.1ms)


Started GET "/ideas/new" for ::1 at 2017-03-18 10:41:28 +0800
Processing by IdeasController#new as HTML
  Rendering ideas/new.html.erb within layouts/application
  Rendered ideas/_form.html.erb (2.7ms)
  Rendered ideas/new.html.erb within layouts/application (4.9ms)
Completed 200 OK in 90ms (Views: 84.2ms | ActiveRecord: 0.0ms)


Started GET "/ideas" for ::1 at 2017-03-18 10:41:30 +0800
Processing by IdeasController#index as HTML
  Rendering ideas/index.html.erb within layouts/application
  [1m[36mIdea Load (0.1ms)[0m  [1m[34mSELECT "ideas".* FROM "ideas"[0m
  Rendered ideas/index.html.erb within layouts/application (6.9ms)
Completed 200 OK in 79ms (Views: 77.1ms | ActiveRecord: 0.1ms)


Started GET "/ideas/1/edit" for ::1 at 2017-03-18 10:41:34 +0800
Processing by IdeasController#edit as HTML
  Parameters: {"id"=>"1"}
  [1m[36mIdea Load (0.3ms)[0m  [1m[34mSELECT  "ideas".* FROM "ideas" WHERE "ideas"."id" = ? LIMIT ?[0m  [["id", 1], ["LIMIT", 1]]
  Rendering ideas/edit.html.erb within layouts/application
  Rendered ideas/_form.html.erb (3.5ms)
  Rendered ideas/edit.html.erb within layouts/application (6.2ms)
Completed 200 OK in 84ms (Views: 78.7ms | ActiveRecord: 0.3ms)


Started GET "/ideas/1/edit" for ::1 at 2017-03-18 10:44:19 +0800
Processing by IdeasController#edit as HTML
  Parameters: {"id"=>"1"}
  [1m[36mIdea Load (0.1ms)[0m  [1m[34mSELECT  "ideas".* FROM "ideas" WHERE "ideas"."id" = ? LIMIT ?[0m  [["id", 1], ["LIMIT", 1]]
  Rendering ideas/edit.html.erb within layouts/application
  Rendered ideas/_form.html.erb (3.8ms)
  Rendered ideas/edit.html.erb within layouts/application (6.3ms)
Completed 200 OK in 68ms (Views: 65.9ms | ActiveRecord: 0.1ms)


Started GET "/ideas" for ::1 at 2017-03-18 10:44:25 +0800
Processing by IdeasController#index as HTML
  Rendering ideas/index.html.erb within layouts/application
  [1m[36mIdea Load (0.2ms)[0m  [1m[34mSELECT "ideas".* FROM "ideas"[0m
  Rendered ideas/index.html.erb within layouts/application (6.4ms)
Completed 200 OK in 88ms (Views: 83.2ms | ActiveRecord: 0.2ms)


Started GET "/ideas" for ::1 at 2017-03-18 10:44:31 +0800
Processing by IdeasController#index as HTML
Started GET "/ideas/1" for ::1 at 2017-03-18 10:44:31 +0800
Processing by IdeasController#show as HTML
  Rendering ideas/index.html.erb within layouts/application
  Parameters: {"id"=>"1"}
  [1m[36mIdea Load (0.1ms)[0m  [1m[34mSELECT "ideas".* FROM "ideas"[0m
  [1m[36mIdea Load (0.1ms)[0m  [1m[34mSELECT  "ideas".* FROM "ideas" WHERE "ideas"."id" = ? LIMIT ?[0m  [["id", 1], ["LIMIT", 1]]
  Rendered ideas/index.html.erb within layouts/application (6.1ms)
  Rendering ideas/show.html.erb within layouts/application
  Rendered ideas/show.html.erb within layouts/application (1.2ms)
Completed 200 OK in 132ms (Views: 129.2ms | ActiveRecord: 0.1ms)


Completed 200 OK in 177ms (Views: 171.7ms | ActiveRecord: 0.1ms)


Started GET "/ideas/1/edit" for ::1 at 2017-03-18 10:44:34 +0800
Processing by IdeasController#edit as HTML
  Parameters: {"id"=>"1"}
  [1m[36mIdea Load (0.3ms)[0m  [1m[34mSELECT  "ideas".* FROM "ideas" WHERE "ideas"."id" = ? LIMIT ?[0m  [["id", 1], ["LIMIT", 1]]
  Rendering ideas/edit.html.erb within layouts/application
  Rendered ideas/_form.html.erb (2.8ms)
  Rendered ideas/edit.html.erb within layouts/application (4.4ms)
Completed 200 OK in 75ms (Views: 69.1ms | ActiveRecord: 0.3ms)


Started GET "/ideas" for ::1 at 2017-03-18 10:44:36 +0800
Processing by IdeasController#index as HTML
  Rendering ideas/index.html.erb within layouts/application
  [1m[36mIdea Load (0.2ms)[0m  [1m[34mSELECT "ideas".* FROM "ideas"[0m
  Rendered ideas/index.html.erb within layouts/application (10.3ms)
Completed 200 OK in 92ms (Views: 87.9ms | ActiveRecord: 0.2ms)


Started GET "/ideas/1" for ::1 at 2017-03-18 10:44:39 +0800
Processing by IdeasController#show as HTML
  Parameters: {"id"=>"1"}
  [1m[36mIdea Load (0.1ms)[0m  [1m[34mSELECT  "ideas".* FROM "ideas" WHERE "ideas"."id" = ? LIMIT ?[0m  [["id", 1], ["LIMIT", 1]]
  Rendering ideas/show.html.erb within layouts/application
  Rendered ideas/show.html.erb within layouts/application (1.4ms)
Completed 200 OK in 76ms (Views: 71.1ms | ActiveRecord: 0.1ms)


Started GET "/ideas/1" for ::1 at 2017-03-18 10:44:54 +0800
Processing by IdeasController#show as HTML
  Parameters: {"id"=>"1"}
  [1m[36mIdea Load (0.1ms)[0m  [1m[34mSELECT  "ideas".* FROM "ideas" WHERE "ideas"."id" = ? LIMIT ?[0m  [["id", 1], ["LIMIT", 1]]
  Rendering ideas/show.html.erb within layouts/application
  Rendered ideas/show.html.erb within layouts/application (1.3ms)
Completed 200 OK in 65ms (Views: 63.0ms | ActiveRecord: 0.1ms)


Started GET "/ideas" for ::1 at 2017-03-18 10:44:58 +0800
Processing by IdeasController#index as HTML
  Rendering ideas/index.html.erb within layouts/application
  [1m[36mIdea Load (0.1ms)[0m  [1m[34mSELECT "ideas".* FROM "ideas"[0m
  Rendered ideas/index.html.erb within layouts/application (5.7ms)
Completed 200 OK in 86ms (Views: 81.6ms | ActiveRecord: 0.1ms)


Started GET "/ideas" for ::1 at 2017-03-18 10:46:43 +0800
Processing by IdeasController#index as HTML
Started GET "/ideas" for ::1 at 2017-03-18 10:46:43 +0800
Started GET "/ideas/1/edit" for ::1 at 2017-03-18 10:46:43 +0800
  Rendering ideas/index.html.erb within layouts/application
Processing by IdeasController#index as HTML
Processing by IdeasController#edit as HTML
  [1m[36mIdea Load (0.1ms)[0m  [1m[34mSELECT "ideas".* FROM "ideas"[0m
  Parameters: {"id"=>"1"}
  Rendered ideas/index.html.erb within layouts/application (7.6ms)
  [1m[36mIdea Load (0.1ms)[0m  [1m[34mSELECT  "ideas".* FROM "ideas" WHERE "ideas"."id" = ? LIMIT ?[0m  [["id", 1], ["LIMIT", 1]]
  Rendering ideas/index.html.erb within layouts/application
  Rendering ideas/edit.html.erb within layouts/application
  [1m[36mIdea Load (0.2ms)[0m  [1m[34mSELECT "ideas".* FROM "ideas"[0m
  Rendered ideas/index.html.erb within layouts/application (6.4ms)
  Rendered ideas/_form.html.erb (3.4ms)
  Rendered ideas/edit.html.erb within layouts/application (17.0ms)
Completed 200 OK in 176ms (Views: 171.4ms | ActiveRecord: 0.1ms)


Completed 200 OK in 242ms (Views: 229.3ms | ActiveRecord: 0.1ms)


Completed 200 OK in 261ms (Views: 255.8ms | ActiveRecord: 0.2ms)


Started GET "/ideas/1" for ::1 at 2017-03-18 10:46:46 +0800
Processing by IdeasController#show as HTML
  Parameters: {"id"=>"1"}
  [1m[36mIdea Load (0.1ms)[0m  [1m[34mSELECT  "ideas".* FROM "ideas" WHERE "ideas"."id" = ? LIMIT ?[0m  [["id", 1], ["LIMIT", 1]]
  Rendering ideas/show.html.erb within layouts/application
  Rendered ideas/show.html.erb within layouts/application (1.4ms)
Completed 200 OK in 75ms (Views: 70.4ms | ActiveRecord: 0.1ms)


Started GET "/ideas" for ::1 at 2017-03-18 10:46:49 +0800
Processing by IdeasController#index as HTML
  Rendering ideas/index.html.erb within layouts/application
  [1m[36mIdea Load (0.1ms)[0m  [1m[34mSELECT "ideas".* FROM "ideas"[0m
  Rendered ideas/index.html.erb within layouts/application (7.1ms)
Completed 200 OK in 81ms (Views: 77.0ms | ActiveRecord: 0.1ms)


Started GET "/ideas/2/edit" for ::1 at 2017-03-18 10:46:50 +0800
Processing by IdeasController#edit as HTML
  Parameters: {"id"=>"2"}
  [1m[36mIdea Load (0.1ms)[0m  [1m[34mSELECT  "ideas".* FROM "ideas" WHERE "ideas"."id" = ? LIMIT ?[0m  [["id", 2], ["LIMIT", 1]]
  Rendering ideas/edit.html.erb within layouts/application
  Rendered ideas/_form.html.erb (3.0ms)
  Rendered ideas/edit.html.erb within layouts/application (5.8ms)
Completed 200 OK in 82ms (Views: 78.0ms | ActiveRecord: 0.1ms)


Started GET "/ideas" for ::1 at 2017-03-18 10:46:52 +0800
Processing by IdeasController#index as HTML
  Rendering ideas/index.html.erb within layouts/application
  [1m[36mIdea Load (0.2ms)[0m  [1m[34mSELECT "ideas".* FROM "ideas"[0m
  Rendered ideas/index.html.erb within layouts/application (8.2ms)
Completed 200 OK in 91ms (Views: 86.5ms | ActiveRecord: 0.2ms)


Started GET "/" for ::1 at 2017-03-18 10:46:53 +0800
Started GET "/ideas" for ::1 at 2017-03-18 10:46:53 +0800
Processing by IdeasController#index as HTML
  Rendering ideas/index.html.erb within layouts/application
  [1m[36mIdea Load (0.1ms)[0m  [1m[34mSELECT "ideas".* FROM "ideas"[0m
  Rendered ideas/index.html.erb within layouts/application (5.3ms)
Completed 200 OK in 90ms (Views: 87.5ms | ActiveRecord: 0.1ms)


Started GET "/ideas/1" for ::1 at 2017-03-18 10:47:00 +0800
Processing by IdeasController#show as HTML
  Parameters: {"id"=>"1"}
  [1m[36mIdea Load (0.3ms)[0m  [1m[34mSELECT  "ideas".* FROM "ideas" WHERE "ideas"."id" = ? LIMIT ?[0m  [["id", 1], ["LIMIT", 1]]
  Rendering ideas/show.html.erb within layouts/application
  Rendered ideas/show.html.erb within layouts/application (1.9ms)
Completed 200 OK in 77ms (Views: 71.4ms | ActiveRecord: 0.3ms)


Started GET "/ideas" for ::1 at 2017-03-18 10:47:03 +0800
Processing by IdeasController#index as HTML
  Rendering ideas/index.html.erb within layouts/application
  [1m[36mIdea Load (0.2ms)[0m  [1m[34mSELECT "ideas".* FROM "ideas"[0m
  Rendered ideas/index.html.erb within layouts/application (7.5ms)
Completed 200 OK in 80ms (Views: 76.0ms | ActiveRecord: 0.2ms)


Started GET "/ideas/1/edit" for ::1 at 2017-03-18 10:47:05 +0800
Processing by IdeasController#edit as HTML
  Parameters: {"id"=>"1"}
  [1m[36mIdea Load (0.2ms)[0m  [1m[34mSELECT  "ideas".* FROM "ideas" WHERE "ideas"."id" = ? LIMIT ?[0m  [["id", 1], ["LIMIT", 1]]
  Rendering ideas/edit.html.erb within layouts/application
  Rendered ideas/_form.html.erb (2.6ms)
  Rendered ideas/edit.html.erb within layouts/application (4.2ms)
Completed 200 OK in 78ms (Views: 72.8ms | ActiveRecord: 0.2ms)


Started GET "/ideas" for ::1 at 2017-03-18 10:47:06 +0800
Processing by IdeasController#index as HTML
  Rendering ideas/index.html.erb within layouts/application
  [1m[36mIdea Load (0.3ms)[0m  [1m[34mSELECT "ideas".* FROM "ideas"[0m
  Rendered ideas/index.html.erb within layouts/application (8.5ms)
Completed 200 OK in 93ms (Views: 85.6ms | ActiveRecord: 0.3ms)


Started GET "/ideas" for ::1 at 2017-03-18 10:50:40 +0800
Started GET "/ideas" for ::1 at 2017-03-18 10:50:40 +0800
  [1m[36mActiveRecord::SchemaMigration Load (0.3ms)[0m  [1m[34mSELECT "schema_migrations".* FROM "schema_migrations"[0m
  [1m[36mActiveRecord::SchemaMigration Load (0.3ms)[0m  [1m[34mSELECT "schema_migrations".* FROM "schema_migrations"[0m
Processing by IdeasController#index as HTML
Processing by IdeasController#index as HTML
  Rendering ideas/index.html.erb within layouts/application
  Rendering ideas/index.html.erb within layouts/application
  [1m[36mIdea Load (0.2ms)[0m  [1m[34mSELECT "ideas".* FROM "ideas"[0m
  [1m[36mIdea Load (0.2ms)[0m  [1m[34mSELECT "ideas".* FROM "ideas"[0m
  Rendered ideas/index.html.erb within layouts/application (73.5ms)
  Rendered ideas/index.html.erb within layouts/application (73.8ms)
Completed 200 OK in 1584ms (Views: 1551.6ms | ActiveRecord: 0.2ms)


Completed 200 OK in 1609ms (Views: 1572.5ms | ActiveRecord: 1.0ms)


Started GET "/ideas/1" for ::1 at 2017-03-18 10:50:46 +0800
Processing by IdeasController#show as HTML
  Parameters: {"id"=>"1"}
  [1m[36mIdea Load (0.6ms)[0m  [1m[34mSELECT  "ideas".* FROM "ideas" WHERE "ideas"."id" = ? LIMIT ?[0m  [["id", 1], ["LIMIT", 1]]
  Rendering ideas/show.html.erb within layouts/application
  Rendered ideas/show.html.erb within layouts/application (1.2ms)
Completed 200 OK in 89ms (Views: 80.7ms | ActiveRecord: 0.6ms)


Started GET "/" for ::1 at 2017-03-18 10:50:46 +0800
Started GET "/ideas/1" for ::1 at 2017-03-18 10:50:46 +0800
Processing by IdeasController#show as JS
  Parameters: {"id"=>"1"}
  [1m[36mIdea Load (0.2ms)[0m  [1m[34mSELECT  "ideas".* FROM "ideas" WHERE "ideas"."id" = ? LIMIT ?[0m  [["id", 1], ["LIMIT", 1]]
Started GET "/ideas" for ::1 at 2017-03-18 10:50:46 +0800
Processing by IdeasController#index as HTML
  Rendering ideas/index.html.erb within layouts/application
  [1m[36mIdea Load (0.4ms)[0m  [1m[34mSELECT "ideas".* FROM "ideas"[0m
  Rendered ideas/index.html.erb within layouts/application (10.0ms)
  Rendering ideas/show.html.erb within layouts/application
  Rendered ideas/show.html.erb within layouts/application (2.2ms)
Completed 200 OK in 182ms (Views: 179.6ms | ActiveRecord: 0.4ms)


Completed 200 OK in 206ms (Views: 181.5ms | ActiveRecord: 0.2ms)


Started GET "/" for ::1 at 2017-03-18 10:50:47 +0800
Started GET "/ideas/1" for ::1 at 2017-03-18 10:50:47 +0800
Processing by IdeasController#show as JS
  Parameters: {"id"=>"1"}
  [1m[36mIdea Load (0.4ms)[0m  [1m[34mSELECT  "ideas".* FROM "ideas" WHERE "ideas"."id" = ? LIMIT ?[0m  [["id", 1], ["LIMIT", 1]]
Started GET "/ideas" for ::1 at 2017-03-18 10:50:47 +0800
Processing by IdeasController#index as HTML
  Rendering ideas/show.html.erb within layouts/application
  Rendering ideas/index.html.erb within layouts/application
  Rendered ideas/show.html.erb within layouts/application (2.0ms)
  [1m[36mIdea Load (0.1ms)[0m  [1m[34mSELECT "ideas".* FROM "ideas"[0m
  Rendered ideas/index.html.erb within layouts/application (12.6ms)
Completed 200 OK in 159ms (Views: 156.4ms | ActiveRecord: 0.1ms)


Completed 200 OK in 204ms (Views: 179.3ms | ActiveRecord: 0.4ms)


Started GET "/ideas/1" for ::1 at 2017-03-18 10:50:50 +0800
Processing by IdeasController#show as HTML
  Parameters: {"id"=>"1"}
  [1m[36mIdea Load (0.1ms)[0m  [1m[34mSELECT  "ideas".* FROM "ideas" WHERE "ideas"."id" = ? LIMIT ?[0m  [["id", 1], ["LIMIT", 1]]
  Rendering ideas/show.html.erb within layouts/application
  Rendered ideas/show.html.erb within layouts/application (2.0ms)
Completed 200 OK in 119ms (Views: 113.1ms | ActiveRecord: 0.1ms)


